#-----------------------------------------------------------
# Vivado v2018.3 (64-bit)
# SW Build 2405991 on Thu Dec  6 23:36:41 MST 2018
# IP Build 2404404 on Fri Dec  7 01:43:56 MST 2018
# Start of session at: Fri Oct 25 07:57:11 2019
# Process ID: 5993
# Current directory: /home/users/manabe/2019/auto_drive/lsd/hdl/project
# Command line: vivado project_1.xpr
# Log file: /home/users/manabe/2019/auto_drive/lsd/hdl/project/vivado.log
# Journal file: /home/users/manabe/2019/auto_drive/lsd/hdl/project/vivado.jou
#-----------------------------------------------------------
start_gui
open_project project_1.xpr
Scanning sources...
Finished scanning sources
INFO: [IP_Flow 19-234] Refreshing IP repositories
INFO: [IP_Flow 19-1700] Loaded user IP repository '/home/users/manabe/2019/auto_drive/lsd/hdl/project/vivado-library-master'.
INFO: [IP_Flow 19-2313] Loaded Vivado IP repository '/home/cad/xilinx-vivado-2018.3/Vivado/2018.3/data/ip'.
open_project: Time (s): cpu = 00:00:22 ; elapsed = 00:00:17 . Memory (MB): peak = 6804.098 ; gain = 258.543 ; free physical = 118276 ; free virtual = 130003
update_compile_order -fileset sources_1
exit
INFO: [Common 17-206] Exiting Vivado at Fri Oct 25 07:58:08 2019...
