Copyright 1986-2018 Xilinx, Inc. All Rights Reserved.
------------------------------------------------------------------------------------
| Tool Version : Vivado v.2018.3 (lin64) Build 2405991 Thu Dec  6 23:36:41 MST 2018
| Date         : Mon Nov 25 22:13:23 2019
| Host         : cuckoo running 64-bit CentOS release 6.9 (Final)
| Command      : report_control_sets -verbose -file alltop_control_sets_placed.rpt
| Design       : alltop
| Device       : xc7z020
------------------------------------------------------------------------------------

Control Set Information

Table of Contents
-----------------
1. Summary
2. Histogram
3. Flip-Flop Distribution
4. Detailed Control Set Information

1. Summary
----------

+----------------------------------------------------------+-------+
|                          Status                          | Count |
+----------------------------------------------------------+-------+
| Number of unique control sets                            |   103 |
| Unused register locations in slices containing registers |   279 |
+----------------------------------------------------------+-------+


2. Histogram
------------

+--------+--------------+
| Fanout | Control Sets |
+--------+--------------+
|      1 |            2 |
|      2 |            1 |
|      3 |            1 |
|      4 |           12 |
|      5 |            4 |
|      6 |            5 |
|      7 |            1 |
|      8 |           14 |
|     10 |            6 |
|     12 |           11 |
|     13 |           10 |
|     14 |            4 |
|    16+ |           32 |
+--------+--------------+


3. Flip-Flop Distribution
-------------------------

+--------------+-----------------------+------------------------+-----------------+--------------+
| Clock Enable | Synchronous Set/Reset | Asynchronous Set/Reset | Total Registers | Total Slices |
+--------------+-----------------------+------------------------+-----------------+--------------+
| No           | No                    | No                     |            2542 |          926 |
| No           | No                    | Yes                    |               0 |            0 |
| No           | Yes                   | No                     |             691 |          261 |
| Yes          | No                    | No                     |             472 |          168 |
| Yes          | No                    | Yes                    |               0 |            0 |
| Yes          | Yes                   | No                     |             608 |          268 |
+--------------+-----------------------+------------------------+-----------------+--------------+


4. Detailed Control Set Information
-----------------------------------

+------------------------------------------------------------------------------------------------------+--------------------------------------------------------------------------------------------------------------------------------------------------------------------+-----------------------------------------------------------------------------------------------------------------------------------------------------------+------------------+----------------+
|                                             Clock Signal                                             |                                                                            Enable Signal                                                                           |                                                                      Set/Reset Signal                                                                     | Slice Load Count | Bel Load Count |
+------------------------------------------------------------------------------------------------------+--------------------------------------------------------------------------------------------------------------------------------------------------------------------+-----------------------------------------------------------------------------------------------------------------------------------------------------------+------------------+----------------+
|  pspl_comm_inst/processing_system7_0/inst/FCLK_CLK0                                                  | pspl_comm_inst/ps7_0_axi_periph/s00_couplers/auto_pc/inst/gen_axilite.gen_b2s_conv.axilite_b2s/WR.aw_channel_0/aw_cmd_fsm_0/m_axi_awready_1                        | pspl_comm_inst/ps7_0_axi_periph/s00_couplers/auto_pc/inst/gen_axilite.gen_b2s_conv.axilite_b2s/WR.aw_channel_0/aw_cmd_fsm_0/m_axi_awready_0               |                1 |              1 |
|  pspl_comm_inst/pspl_comm_0/inst/pspl_comm_v1_0_S00_AXI_inst/sccb_req_reg_reg_i_1_n_0                |                                                                                                                                                                    |                                                                                                                                                           |                1 |              1 |
|  pspl_comm_inst/processing_system7_0/inst/FCLK_CLK0                                                  | pspl_comm_inst/ps7_0_axi_periph/s00_couplers/auto_pc/inst/gen_axilite.gen_b2s_conv.axilite_b2s/WR.b_channel_0/bid_fifo_0/sel                                       |                                                                                                                                                           |                1 |              2 |
|  clk_wiz_0_inst/inst/clk_out1                                                                        |                                                                                                                                                                    |                                                                                                                                                           |                3 |              3 |
|  pspl_comm_inst/processing_system7_0/inst/FCLK_CLK0                                                  | pspl_comm_inst/ps7_0_axi_periph/s00_couplers/auto_pc/inst/gen_axilite.gen_b2s_conv.axilite_b2s/WR.aw_channel_0/aw_cmd_fsm_0/E[0]                                   |                                                                                                                                                           |                3 |              4 |
|  sysclk_IBUF_BUFG                                                                                    | cam_top_inst_f/sccb_if_inst/scl_cnt                                                                                                                                | cam_top_inst_f/sccb_if_inst/clk_div_cnt[9]_i_1_n_0                                                                                                        |                2 |              4 |
|  sysclk_IBUF_BUFG                                                                                    | cam_top_inst_r/sccb_if_inst/sda_cnt                                                                                                                                | cam_top_inst_r/sccb_if_inst/clk_div_cnt[9]_i_1__0_n_0                                                                                                     |                2 |              4 |
|  sysclk_IBUF_BUFG                                                                                    | cam_top_inst_r/sccb_if_inst/scl_cnt                                                                                                                                | cam_top_inst_r/sccb_if_inst/clk_div_cnt[9]_i_1__0_n_0                                                                                                     |                2 |              4 |
|  sysclk_IBUF_BUFG                                                                                    |                                                                                                                                                                    | pspl_comm_inst/pspl_comm_0/inst/pspl_comm_v1_0_S00_AXI_inst/sccb_send_data[16]                                                                            |                2 |              4 |
|  sysclk_IBUF_BUFG                                                                                    | cam_top_inst_f/sccb_if_inst/sda_cnt                                                                                                                                | cam_top_inst_f/sccb_if_inst/clk_div_cnt[9]_i_1_n_0                                                                                                        |                1 |              4 |
|  pspl_comm_inst/processing_system7_0/inst/FCLK_CLK0                                                  | pspl_comm_inst/ps7_0_axi_periph/s00_couplers/auto_pc/inst/gen_axilite.gen_b2s_conv.axilite_b2s/WR.aw_channel_0/cmd_translator_0/incr_cmd_0/axaddr_incr[11]_i_1_n_0 |                                                                                                                                                           |                1 |              4 |
|  pspl_comm_inst/processing_system7_0/inst/FCLK_CLK0                                                  | pspl_comm_inst/ps7_0_axi_periph/s00_couplers/auto_pc/inst/gen_axilite.gen_b2s_conv.axilite_b2s/RD.ar_channel_0/ar_cmd_fsm_0/E[0]                                   |                                                                                                                                                           |                2 |              4 |
|  pspl_comm_inst/processing_system7_0/inst/FCLK_CLK0                                                  | pspl_comm_inst/ps7_0_axi_periph/s00_couplers/auto_pc/inst/gen_axilite.gen_b2s_conv.axilite_b2s/RD.ar_channel_0/ar_cmd_fsm_0/sel_first_reg[0]                       |                                                                                                                                                           |                2 |              4 |
|  pspl_comm_inst/processing_system7_0/inst/FCLK_CLK0                                                  |                                                                                                                                                                    | pspl_comm_inst/ps7_0_axi_periph/s00_couplers/auto_pc/inst/gen_axilite.gen_b2s_conv.axilite_b2s/SI_REG/aw.aw_pipe/aresetn_d_reg[0]_0                       |                2 |              4 |
|  pspl_comm_inst/processing_system7_0/inst/FCLK_CLK0                                                  |                                                                                                                                                                    | pspl_comm_inst/ps7_0_axi_periph/s00_couplers/auto_pc/inst/gen_axilite.gen_b2s_conv.axilite_b2s/SI_REG/ar.ar_pipe/aresetn_d_reg[1]_inv_0                   |                2 |              4 |
|  pspl_comm_inst/processing_system7_0/inst/FCLK_CLK0                                                  |                                                                                                                                                                    | pspl_comm_inst/rst_ps7_0_50M/U0/EXT_LPF/lpf_int                                                                                                           |                1 |              4 |
|  pspl_comm_inst/processing_system7_0/inst/FCLK_CLK0                                                  | pspl_comm_inst/ps7_0_axi_periph/s00_couplers/auto_pc/inst/gen_axilite.gen_b2s_conv.axilite_b2s/RD.ar_channel_0/ar_cmd_fsm_0/m_valid_i_reg                          | pspl_comm_inst/ps7_0_axi_periph/s00_couplers/auto_pc/inst/gen_axilite.gen_b2s_conv.axilite_b2s/RD.ar_channel_0/ar_cmd_fsm_0/FSM_sequential_state_reg[0]_0 |                2 |              5 |
|  pspl_comm_inst/processing_system7_0/inst/FCLK_CLK0                                                  | pspl_comm_inst/ps7_0_axi_periph/s00_couplers/auto_pc/inst/gen_axilite.gen_b2s_conv.axilite_b2s/RD.r_channel_0/rd_data_fifo_0/E[0]                                  | pspl_comm_inst/ps7_0_axi_periph/s00_couplers/auto_pc/inst/gen_axilite.gen_b2s_conv.axilite_b2s/areset_d1                                                  |                2 |              5 |
|  sysclk_IBUF_BUFG                                                                                    |                                                                                                                                                                    | cam_top_inst_f/sccb_if_inst/write_bit                                                                                                                     |                3 |              5 |
|  pspl_comm_inst/processing_system7_0/inst/FCLK_CLK0                                                  | pspl_comm_inst/ps7_0_axi_periph/s00_couplers/auto_pc/inst/gen_axilite.gen_b2s_conv.axilite_b2s/RD.r_channel_0/rd_data_fifo_0/cnt_read[4]_i_1_n_0                   | pspl_comm_inst/ps7_0_axi_periph/s00_couplers/auto_pc/inst/gen_axilite.gen_b2s_conv.axilite_b2s/areset_d1                                                  |                2 |              5 |
|  pclk_f_IBUF_BUFG                                                                                    | cam_top_inst_f/camera_if_inst/hcnt2_reg_n_0_[0]                                                                                                                    | simple_lsd_inst_r/gau_0/stp_0/stp_delay_v[2].dly_0/delay_use_fifo.fifo_0/SR[0]                                                                            |                2 |              6 |
|  pclk_f_IBUF_BUFG                                                                                    | cam_top_inst_f/camera_if_inst/vcnt[8]_i_1_n_0                                                                                                                      | simple_lsd_inst_r/gau_0/stp_0/stp_delay_v[2].dly_0/delay_use_fifo.fifo_0/SR[0]                                                                            |                3 |              6 |
|  pclk_r_IBUF_BUFG                                                                                    | cam_top_inst_r/camera_if_inst/hcnt2_reg_n_0_[0]                                                                                                                    | simple_lsd_inst_r/gau_0/stp_0/stp_delay_v[2].dly_0/delay_use_fifo.fifo_0/SR[0]                                                                            |                1 |              6 |
|  pclk_r_IBUF_BUFG                                                                                    | cam_top_inst_r/camera_if_inst/vcnt[8]_i_1__0_n_0                                                                                                                   | simple_lsd_inst_r/gau_0/stp_0/stp_delay_v[2].dly_0/delay_use_fifo.fifo_0/SR[0]                                                                            |                4 |              6 |
|  pspl_comm_inst/processing_system7_0/inst/FCLK_CLK0                                                  | pspl_comm_inst/rst_ps7_0_50M/U0/SEQ/seq_cnt_en                                                                                                                     | pspl_comm_inst/rst_ps7_0_50M/U0/SEQ/SEQ_COUNTER/clear                                                                                                     |                2 |              6 |
|  pspl_comm_inst/pspl_comm_0/inst/pspl_comm_v1_0_S00_AXI_inst/kl_accel_reg_reg[6]_i_1_n_0             |                                                                                                                                                                    |                                                                                                                                                           |                3 |              7 |
|  pspl_comm_inst/processing_system7_0/inst/FCLK_CLK0                                                  | pspl_comm_inst/pspl_comm_0/inst/pspl_comm_v1_0_S00_AXI_inst/slv_reg1[31]_i_1_n_0                                                                                   | pspl_comm_inst/pspl_comm_0/inst/pspl_comm_v1_0_S00_AXI_inst/axi_awready_i_1_n_0                                                                           |                1 |              8 |
|  pspl_comm_inst/processing_system7_0/inst/FCLK_CLK0                                                  | pspl_comm_inst/ps7_0_axi_periph/s00_couplers/auto_pc/inst/gen_axilite.gen_b2s_conv.axilite_b2s/WR.b_channel_0/mhandshake_r                                         | pspl_comm_inst/ps7_0_axi_periph/s00_couplers/auto_pc/inst/gen_axilite.gen_b2s_conv.axilite_b2s/WR.b_channel_0/bid_fifo_0/SR[0]                            |                3 |              8 |
|  pspl_comm_inst/processing_system7_0/inst/FCLK_CLK0                                                  | pspl_comm_inst/pspl_comm_0/inst/pspl_comm_v1_0_S00_AXI_inst/p_1_in[24]                                                                                             | pspl_comm_inst/pspl_comm_0/inst/pspl_comm_v1_0_S00_AXI_inst/axi_awready_i_1_n_0                                                                           |                2 |              8 |
|  pspl_comm_inst/processing_system7_0/inst/FCLK_CLK0                                                  | pspl_comm_inst/pspl_comm_0/inst/pspl_comm_v1_0_S00_AXI_inst/p_1_in[19]                                                                                             | pspl_comm_inst/pspl_comm_0/inst/pspl_comm_v1_0_S00_AXI_inst/axi_awready_i_1_n_0                                                                           |                1 |              8 |
|  pspl_comm_inst/processing_system7_0/inst/FCLK_CLK0                                                  | pspl_comm_inst/pspl_comm_0/inst/pspl_comm_v1_0_S00_AXI_inst/slv_reg0[15]_i_1_n_0                                                                                   | pspl_comm_inst/pspl_comm_0/inst/pspl_comm_v1_0_S00_AXI_inst/axi_awready_i_1_n_0                                                                           |                2 |              8 |
|  pspl_comm_inst/processing_system7_0/inst/FCLK_CLK0                                                  | pspl_comm_inst/pspl_comm_0/inst/pspl_comm_v1_0_S00_AXI_inst/slv_reg0[31]_i_1_n_0                                                                                   | pspl_comm_inst/pspl_comm_0/inst/pspl_comm_v1_0_S00_AXI_inst/axi_awready_i_1_n_0                                                                           |                3 |              8 |
|  pspl_comm_inst/processing_system7_0/inst/FCLK_CLK0                                                  | pspl_comm_inst/pspl_comm_0/inst/pspl_comm_v1_0_S00_AXI_inst/slv_reg0[7]_i_1_n_0                                                                                    | pspl_comm_inst/pspl_comm_0/inst/pspl_comm_v1_0_S00_AXI_inst/axi_awready_i_1_n_0                                                                           |                2 |              8 |
|  pspl_comm_inst/processing_system7_0/inst/FCLK_CLK0                                                  | pspl_comm_inst/pspl_comm_0/inst/pspl_comm_v1_0_S00_AXI_inst/slv_reg1[15]_i_1_n_0                                                                                   | pspl_comm_inst/pspl_comm_0/inst/pspl_comm_v1_0_S00_AXI_inst/axi_awready_i_1_n_0                                                                           |                2 |              8 |
|  pspl_comm_inst/processing_system7_0/inst/FCLK_CLK0                                                  | pspl_comm_inst/pspl_comm_0/inst/pspl_comm_v1_0_S00_AXI_inst/slv_reg1[23]_i_1_n_0                                                                                   | pspl_comm_inst/pspl_comm_0/inst/pspl_comm_v1_0_S00_AXI_inst/axi_awready_i_1_n_0                                                                           |                1 |              8 |
|  pspl_comm_inst/processing_system7_0/inst/FCLK_CLK0                                                  | pspl_comm_inst/pspl_comm_0/inst/pspl_comm_v1_0_S00_AXI_inst/slv_reg1[7]_i_1_n_0                                                                                    | pspl_comm_inst/pspl_comm_0/inst/pspl_comm_v1_0_S00_AXI_inst/axi_awready_i_1_n_0                                                                           |                3 |              8 |
|  pspl_comm_inst/processing_system7_0/inst/FCLK_CLK0                                                  | pspl_comm_inst/pspl_comm_0/inst/pspl_comm_v1_0_S00_AXI_inst/p_1_in[0]                                                                                              | pspl_comm_inst/pspl_comm_0/inst/pspl_comm_v1_0_S00_AXI_inst/axi_awready_i_1_n_0                                                                           |                3 |              8 |
|  pspl_comm_inst/processing_system7_0/inst/FCLK_CLK0                                                  | pspl_comm_inst/pspl_comm_0/inst/pspl_comm_v1_0_S00_AXI_inst/p_1_in[8]                                                                                              | pspl_comm_inst/pspl_comm_0/inst/pspl_comm_v1_0_S00_AXI_inst/axi_awready_i_1_n_0                                                                           |                3 |              8 |
|  pspl_comm_inst/processing_system7_0/inst/FCLK_CLK0                                                  | pspl_comm_inst/pspl_comm_0/inst/pspl_comm_v1_0_S00_AXI_inst/slv_reg0[23]_i_1_n_0                                                                                   | pspl_comm_inst/pspl_comm_0/inst/pspl_comm_v1_0_S00_AXI_inst/axi_awready_i_1_n_0                                                                           |                1 |              8 |
|  pspl_comm_inst/pspl_comm_0/inst/pspl_comm_v1_0_S00_AXI_inst/kl_steer_reg_reg[7]_i_1_n_0             |                                                                                                                                                                    |                                                                                                                                                           |                3 |              8 |
|  pclk_r_IBUF_BUFG                                                                                    |                                                                                                                                                                    | cam_top_inst_r/camera_if_inst/hcnt2[10]                                                                                                                   |                3 |             10 |
|  sysclk_IBUF_BUFG                                                                                    |                                                                                                                                                                    | cam_top_inst_f/sccb_if_inst/clk_div_cnt[9]_i_1_n_0                                                                                                        |                4 |             10 |
|  sysclk_IBUF_BUFG                                                                                    |                                                                                                                                                                    | cam_top_inst_r/sccb_if_inst/clk_div_cnt[9]_i_1__0_n_0                                                                                                     |                4 |             10 |
|  pclk_f_IBUF_BUFG                                                                                    |                                                                                                                                                                    | cam_top_inst_f/camera_if_inst/hcnt2[10]                                                                                                                   |                3 |             10 |
|  pspl_comm_inst/processing_system7_0/inst/FCLK_CLK0                                                  |                                                                                                                                                                    | pspl_comm_inst/pspl_comm_0/inst/pspl_comm_v1_0_S00_AXI_inst/axi_awready_i_1_n_0                                                                           |                4 |             10 |
|  pspl_comm_inst/processing_system7_0/inst/FCLK_CLK0                                                  |                                                                                                                                                                    | pspl_comm_inst/ps7_0_axi_periph/s00_couplers/auto_pc/inst/gen_axilite.gen_b2s_conv.axilite_b2s/areset_d1                                                  |                4 |             10 |
|  clk_wiz_0_inst/inst/clk_out2                                                                        | topview_inst_f/topview_ls_bram/wen0                                                                                                                                | simple_lsd_inst_r/gau_0/stp_0/stp_delay_v[2].dly_0/delay_use_fifo.fifo_0/SR[0]                                                                            |                3 |             12 |
|  clk_wiz_0_inst/inst/clk_out2                                                                        | simple_lsd_inst_f/read_id[0]_i_2_n_0                                                                                                                               | simple_lsd_inst_f/stp_1/out_vcnt_reg[1]_2                                                                                                                 |                3 |             12 |
|  clk_wiz_0_inst/inst/clk_out2                                                                        | simple_lsd_inst_f/wr_addr                                                                                                                                          | simple_lsd_inst_f/clear                                                                                                                                   |                3 |             12 |
|  pspl_comm_inst/pspl_comm_0/inst/pspl_comm_v1_0_S00_AXI_inst/topview_line_addr_r_reg_reg[31]_i_1_n_0 |                                                                                                                                                                    |                                                                                                                                                           |                6 |             12 |
|  clk_wiz_0_inst/inst/clk_out2                                                                        | simple_lsd_inst_r/read_id[0]_i_2__0_n_0                                                                                                                            | simple_lsd_inst_r/stp_1/out_vcnt_reg[1]_2                                                                                                                 |                3 |             12 |
|  clk_wiz_0_inst/inst/clk_out2                                                                        | simple_lsd_inst_r/wr_addr                                                                                                                                          | simple_lsd_inst_f/clear                                                                                                                                   |                3 |             12 |
|  clk_wiz_0_inst/inst/clk_out2                                                                        | topview_inst_f/waddr                                                                                                                                               | topview_inst_f/waddr[0]_i_1__0_n_0                                                                                                                        |                3 |             12 |
|  sysclk_IBUF_BUFG                                                                                    |                                                                                                                                                                    | simple_lsd_inst_r/gau_0/stp_0/stp_delay_v[2].dly_0/delay_use_fifo.fifo_0/SR[0]                                                                            |                5 |             12 |
|  clk_wiz_0_inst/inst/clk_out2                                                                        | topview_inst_r/topview_ls_bram/wen0                                                                                                                                | simple_lsd_inst_r/gau_0/stp_0/stp_delay_v[2].dly_0/delay_use_fifo.fifo_0/SR[0]                                                                            |                3 |             12 |
|  clk_wiz_0_inst/inst/clk_out2                                                                        | topview_inst_r/waddr                                                                                                                                               | topview_inst_r/waddr[0]_i_1_n_0                                                                                                                           |                3 |             12 |
|  pspl_comm_inst/pspl_comm_0/inst/pspl_comm_v1_0_S00_AXI_inst/topview_line_addr_f_reg_reg[31]_i_1_n_0 |                                                                                                                                                                    |                                                                                                                                                           |                5 |             12 |
|  clk_wiz_0_inst/inst/clk_out2                                                                        | simple_lsd_inst_r/stp_1/ram_wr_addr                                                                                                                                |                                                                                                                                                           |                5 |             13 |
|  clk_wiz_0_inst/inst/clk_out2                                                                        | simple_lsd_inst_f/stp_1/grd_thres_offset                                                                                                                           | simple_lsd_inst_r/gau_0/stp_0/stp_delay_v[2].dly_0/delay_use_fifo.fifo_0/SR[0]                                                                            |                4 |             13 |
|  clk_wiz_0_inst/inst/clk_out2                                                                        | simple_lsd_inst_f/stp_1/ram_wr_addr                                                                                                                                |                                                                                                                                                           |                4 |             13 |
|  clk_wiz_0_inst/inst/clk_out2                                                                        | simple_lsd_inst_f/stp_1/seg_num                                                                                                                                    | simple_lsd_inst_f/stp_1/clear                                                                                                                             |                4 |             13 |
|  clk_wiz_0_inst/inst/clk_out2                                                                        | simple_lsd_inst_f/E[0]                                                                                                                                             | simple_lsd_inst_r/gau_0/stp_0/stp_delay_v[2].dly_0/delay_use_fifo.fifo_0/SR[0]                                                                            |                4 |             13 |
|  clk_wiz_0_inst/inst/clk_out2                                                                        | simple_lsd_inst_f/out_flag_reg_0[0]                                                                                                                                | simple_lsd_inst_r/gau_0/stp_0/stp_delay_v[2].dly_0/delay_use_fifo.fifo_0/SR[0]                                                                            |                4 |             13 |
|  clk_wiz_0_inst/inst/clk_out2                                                                        | simple_lsd_inst_r/stp_1/grd_thres_offset                                                                                                                           | simple_lsd_inst_r/gau_0/stp_0/stp_delay_v[2].dly_0/delay_use_fifo.fifo_0/SR[0]                                                                            |                4 |             13 |
|  pspl_comm_inst/processing_system7_0/inst/FCLK_CLK0                                                  | pspl_comm_inst/ps7_0_axi_periph/s00_couplers/auto_pc/inst/gen_axilite.gen_b2s_conv.axilite_b2s/RD.ar_channel_0/ar_cmd_fsm_0/m_valid_i_reg                          |                                                                                                                                                           |                5 |             13 |
|  clk_wiz_0_inst/inst/clk_out2                                                                        | simple_lsd_inst_r/stp_1/seg_num                                                                                                                                    | simple_lsd_inst_r/stp_1/clear                                                                                                                             |                4 |             13 |
|  pspl_comm_inst/processing_system7_0/inst/FCLK_CLK0                                                  | pspl_comm_inst/ps7_0_axi_periph/s00_couplers/auto_pc/inst/gen_axilite.gen_b2s_conv.axilite_b2s/RD.r_channel_0/r_push_r                                             |                                                                                                                                                           |                4 |             13 |
|  pclk_r_IBUF_BUFG                                                                                    |                                                                                                                                                                    |                                                                                                                                                           |                4 |             14 |
|  pclk_f_IBUF_BUFG                                                                                    |                                                                                                                                                                    |                                                                                                                                                           |                7 |             14 |
|  pspl_comm_inst/processing_system7_0/inst/FCLK_CLK0                                                  | pspl_comm_inst/ps7_0_axi_periph/s00_couplers/auto_pc/inst/gen_axilite.gen_b2s_conv.axilite_b2s/SI_REG/b.b_pipe/p_1_in                                              |                                                                                                                                                           |                2 |             14 |
|  pspl_comm_inst/processing_system7_0/inst/FCLK_CLK0                                                  | pspl_comm_inst/ps7_0_axi_periph/s00_couplers/auto_pc/inst/gen_axilite.gen_b2s_conv.axilite_b2s/SI_REG/b.b_pipe/s_ready_i_reg_0                                     |                                                                                                                                                           |                2 |             14 |
|  sysclk_IBUF_BUFG                                                                                    | testset_inst/fbl_inst/cnt_edge_reg[15]_i_1_n_0                                                                                                                     | testset_inst/fbl_inst/inp_fbp_tmp_i_1_n_0                                                                                                                 |               15 |             16 |
|  sysclk_IBUF_BUFG                                                                                    | testset_inst/fbr_inst/cnt_edge_reg[15]_i_1_n_0                                                                                                                     | testset_inst/fbr_inst/inp_fbp_tmp_i_1_n_0                                                                                                                 |               15 |             16 |
|  pspl_comm_inst/processing_system7_0/inst/FCLK_CLK0                                                  | pspl_comm_inst/ps7_0_axi_periph/s00_couplers/auto_pc/inst/gen_axilite.gen_b2s_conv.axilite_b2s/WR.aw_channel_0/aw_cmd_fsm_0/b_push                                 |                                                                                                                                                           |                3 |             16 |
|  sysclk_IBUF_BUFG                                                                                    |                                                                                                                                                                    | testset_inst/pb_r/Parent/SR[0]                                                                                                                            |                6 |             16 |
|  sysclk_IBUF_BUFG                                                                                    |                                                                                                                                                                    | testset_inst/fbr_inst/cnt_edge__0                                                                                                                         |                4 |             16 |
|  testset_inst/clk_8_bufg                                                                             |                                                                                                                                                                    | testset_inst/pb_r/Parent/SR[0]                                                                                                                            |                7 |             16 |
|  sysclk_IBUF_BUFG                                                                                    |                                                                                                                                                                    | testset_inst/fbl_inst/cnt_edge__0                                                                                                                         |                4 |             16 |
|  pspl_comm_inst/processing_system7_0/inst/FCLK_CLK0                                                  | pspl_comm_inst/ps7_0_axi_periph/s00_couplers/auto_pc/inst/gen_axilite.gen_b2s_conv.axilite_b2s/WR.aw_channel_0/aw_cmd_fsm_0/m_axi_awready_1                        |                                                                                                                                                           |                6 |             17 |
|  sysclk_IBUF_BUFG                                                                                    |                                                                                                                                                                    |                                                                                                                                                           |               13 |             22 |
|  pspl_comm_inst/pspl_comm_0/inst/pspl_comm_v1_0_S00_AXI_inst/sccb_send_data_reg_reg[23]_i_1_n_0      |                                                                                                                                                                    |                                                                                                                                                           |               13 |             24 |
|  pspl_comm_inst/processing_system7_0/inst/FCLK_CLK0                                                  | pspl_comm_inst/ps7_0_axi_periph/s00_couplers/auto_pc/inst/gen_axilite.gen_b2s_conv.axilite_b2s/WR.aw_channel_0/aw_cmd_fsm_0/m_valid_i_reg[0]                       |                                                                                                                                                           |                4 |             27 |
|  pspl_comm_inst/processing_system7_0/inst/FCLK_CLK0                                                  | pspl_comm_inst/ps7_0_axi_periph/s00_couplers/auto_pc/inst/gen_axilite.gen_b2s_conv.axilite_b2s/RD.ar_channel_0/ar_cmd_fsm_0/FSM_sequential_state_reg[1]_0[0]       |                                                                                                                                                           |                5 |             27 |
|  pspl_comm_inst/processing_system7_0/inst/FCLK_CLK0                                                  | pspl_comm_inst/ps7_0_axi_periph/s00_couplers/auto_pc/inst/gen_axilite.gen_b2s_conv.axilite_b2s/SI_REG/aw.aw_pipe/s_ready_i_reg_0                                   |                                                                                                                                                           |                4 |             27 |
|  pspl_comm_inst/processing_system7_0/inst/FCLK_CLK0                                                  | pspl_comm_inst/ps7_0_axi_periph/s00_couplers/auto_pc/inst/gen_axilite.gen_b2s_conv.axilite_b2s/SI_REG/ar.ar_pipe/s_ready_i_reg_0                                   |                                                                                                                                                           |                8 |             27 |
|  testset_inst/clk_8_bufg                                                                             | testset_inst/pb_r/Parent/cnt                                                                                                                                       | testset_inst/pb_r/Parent/SR[0]                                                                                                                            |               11 |             28 |
|  testset_inst/clk_8_bufg                                                                             | testset_inst/pb_l/Parent/cnt_reg_n_0                                                                                                                               | testset_inst/pb_r/Parent/SR[0]                                                                                                                            |               15 |             28 |
|  sysclk_IBUF_BUFG                                                                                    |                                                                                                                                                                    | testset_inst/fbr_inst/inp_fbp_tmp_i_1_n_0                                                                                                                 |                9 |             30 |
|  sysclk_IBUF_BUFG                                                                                    |                                                                                                                                                                    | testset_inst/fbl_inst/inp_fbp_tmp_i_1_n_0                                                                                                                 |               13 |             30 |
|  pspl_comm_inst/processing_system7_0/inst/FCLK_CLK0                                                  | pspl_comm_inst/pspl_comm_0/inst/pspl_comm_v1_0_S00_AXI_inst/slv_reg_rden__0                                                                                        | pspl_comm_inst/pspl_comm_0/inst/pspl_comm_v1_0_S00_AXI_inst/axi_awready_i_1_n_0                                                                           |               22 |             32 |
|  pspl_comm_inst/processing_system7_0/inst/FCLK_CLK0                                                  | pspl_comm_inst/ps7_0_axi_periph/s00_couplers/auto_pc/inst/gen_axilite.gen_b2s_conv.axilite_b2s/RD.r_channel_0/rd_data_fifo_0/wr_en0                                |                                                                                                                                                           |                8 |             32 |
|  clk_wiz_0_inst/inst/clk_out2                                                                        |                                                                                                                                                                    | simple_lsd_inst_f/stp_0/ca_0/out_hcnt_reg[9]_0                                                                                                            |                7 |             32 |
|  clk_wiz_0_inst/inst/clk_out2                                                                        |                                                                                                                                                                    | simple_lsd_inst_r/stp_0/ca_0/out_hcnt_reg[9]_0                                                                                                            |               11 |             32 |
|  pspl_comm_inst/processing_system7_0/inst/FCLK_CLK0                                                  | pspl_comm_inst/ps7_0_axi_periph/s00_couplers/auto_pc/inst/gen_axilite.gen_b2s_conv.axilite_b2s/SI_REG/r.r_pipe/p_1_in                                              |                                                                                                                                                           |               10 |             45 |
|  pspl_comm_inst/processing_system7_0/inst/FCLK_CLK0                                                  | pspl_comm_inst/ps7_0_axi_periph/s00_couplers/auto_pc/inst/gen_axilite.gen_b2s_conv.axilite_b2s/SI_REG/r.r_pipe/s_ready_i_reg_0                                     |                                                                                                                                                           |               12 |             45 |
|  clk_wiz_0_inst/inst/clk_out2                                                                        |                                                                                                                                                                    | simple_lsd_inst_f/gau_0/stp_0/ca_0/SR[0]                                                                                                                  |               29 |             72 |
|  clk_wiz_0_inst/inst/clk_out2                                                                        |                                                                                                                                                                    | simple_lsd_inst_r/gau_0/stp_0/ca_0/SR[0]                                                                                                                  |               31 |             72 |
|  clk_wiz_0_inst/inst/clk_out2                                                                        | simple_lsd_inst_r/stp_1/ram_wr_addr                                                                                                                                | simple_lsd_inst_r/stp_1/sys_reset_n_sync_regs_reg[3]__0_0                                                                                                 |               40 |             74 |
|  clk_wiz_0_inst/inst/clk_out2                                                                        | simple_lsd_inst_f/stp_1/ram_wr_addr                                                                                                                                | simple_lsd_inst_f/stp_1/sys_reset_n_sync_regs_reg[3]__0_0                                                                                                 |               49 |             74 |
|  pspl_comm_inst/processing_system7_0/inst/FCLK_CLK0                                                  |                                                                                                                                                                    |                                                                                                                                                           |               32 |            110 |
|  clk_wiz_0_inst/inst/clk_out2                                                                        | cam_reset_OBUF                                                                                                                                                     |                                                                                                                                                           |               93 |            174 |
|  clk_wiz_0_inst/inst/clk_out2                                                                        |                                                                                                                                                                    | simple_lsd_inst_r/gau_0/stp_0/stp_delay_v[2].dly_0/delay_use_fifo.fifo_0/SR[0]                                                                            |              103 |            266 |
|  clk_wiz_0_inst/inst/clk_out2                                                                        |                                                                                                                                                                    |                                                                                                                                                           |              840 |           2369 |
+------------------------------------------------------------------------------------------------------+--------------------------------------------------------------------------------------------------------------------------------------------------------------------+-----------------------------------------------------------------------------------------------------------------------------------------------------------+------------------+----------------+


