#-----------------------------------------------------------
# Vivado v2018.3 (64-bit)
# SW Build 2405991 on Thu Dec  6 23:36:41 MST 2018
# IP Build 2404404 on Fri Dec  7 01:43:56 MST 2018
# Start of session at: Wed Nov 27 10:18:31 2019
# Process ID: 20968
# Current directory: /home/users/matsuda/project/Autonomous_Vehicle_Driving/project/project_1
# Command line: vivado project_1.xpr
# Log file: /home/users/matsuda/project/Autonomous_Vehicle_Driving/project/project_1/vivado.log
# Journal file: /home/users/matsuda/project/Autonomous_Vehicle_Driving/project/project_1/vivado.jou
#-----------------------------------------------------------
start_gui
open_project project_1.xpr
INFO: [Project 1-313] Project file moved from '/home/users/matsuda/project/Autonomous_Vehicle_Driving/top/project/project_1' since last save.
Scanning sources...
Finished scanning sources
INFO: [IP_Flow 19-234] Refreshing IP repositories
INFO: [IP_Flow 19-1700] Loaded user IP repository '/home/users/matsuda/project/Autonomous_Vehicle_Driving/project/ip_repo/pspl_comm_1.0'.
INFO: [IP_Flow 19-2313] Loaded Vivado IP repository '/home/cad/xilinx-vivado-2018.3/Vivado/2018.3/data/ip'.
open_project: Time (s): cpu = 00:00:25 ; elapsed = 00:00:18 . Memory (MB): peak = 6720.621 ; gain = 166.270 ; free physical = 121363 ; free virtual = 131022
update_compile_order -fileset sources_1
reset_run synth_1
launch_runs synth_1 -jobs 48
[Wed Nov 27 10:22:17 2019] Launched synth_1...
Run output will be captured here: /home/users/matsuda/project/Autonomous_Vehicle_Driving/project/project_1/project_1.runs/synth_1/runme.log
reset_run synth_1
launch_runs synth_1 -jobs 48
[Wed Nov 27 10:29:11 2019] Launched synth_1...
Run output will be captured here: /home/users/matsuda/project/Autonomous_Vehicle_Driving/project/project_1/project_1.runs/synth_1/runme.log
reset_run synth_1
launch_runs impl_1 -jobs 48
[Wed Nov 27 10:31:11 2019] Launched synth_1...
Run output will be captured here: /home/users/matsuda/project/Autonomous_Vehicle_Driving/project/project_1/project_1.runs/synth_1/runme.log
[Wed Nov 27 10:31:11 2019] Launched impl_1...
Run output will be captured here: /home/users/matsuda/project/Autonomous_Vehicle_Driving/project/project_1/project_1.runs/impl_1/runme.log
open_run impl_1
INFO: [Netlist 29-17] Analyzing 1718 Unisim elements for replacement
INFO: [Netlist 29-28] Unisim Transformation completed in 0 CPU seconds
INFO: [Project 1-479] Netlist was created with Vivado 2018.3
INFO: [Device 21-403] Loading part xc7z020clg400-1
INFO: [Project 1-570] Preparing netlist for logic optimization
INFO: [Timing 38-478] Restoring timing data from binary archive.
INFO: [Timing 38-479] Binary timing data restore complete.
INFO: [Project 1-856] Restoring constraints from binary archive.
INFO: [Project 1-853] Binary constraint restore complete.
Reading XDEF placement.
Reading placer database...
Reading XDEF routing.
Read XDEF File: Time (s): cpu = 00:00:01 ; elapsed = 00:00:01 . Memory (MB): peak = 7575.680 ; gain = 26.672 ; free physical = 120498 ; free virtual = 130191
Restored from archive | CPU: 1.090000 secs | Memory: 21.181328 MB |
Finished XDEF File Restore: Time (s): cpu = 00:00:01 ; elapsed = 00:00:01 . Memory (MB): peak = 7575.680 ; gain = 26.672 ; free physical = 120498 ; free virtual = 130191
Netlist sorting complete. Time (s): cpu = 00:00:00 ; elapsed = 00:00:00 . Memory (MB): peak = 7575.680 ; gain = 0.000 ; free physical = 120501 ; free virtual = 130194
INFO: [Project 1-111] Unisim Transformation Summary:
  A total of 2 instances were transformed.
  RAM16X1D => RAM32X1D (RAMD32, RAMD32): 2 instances

open_run: Time (s): cpu = 00:00:29 ; elapsed = 00:00:19 . Memory (MB): peak = 8155.672 ; gain = 1161.035 ; free physical = 120334 ; free virtual = 130027
CRITICAL WARNING: [Timing 38-282] The design failed to meet the timing requirements. Please see the timing summary report for details on the timing violations.
open_bd_design {/home/users/matsuda/project/Autonomous_Vehicle_Driving/project/project_1/project_1.srcs/sources_1/bd/pspl_comm/pspl_comm.bd}
Adding cell -- xilinx.com:ip:processing_system7:5.5 - processing_system7_0
Adding cell -- xilinx.com:ip:axi_interconnect:2.1 - ps7_0_axi_periph
Adding cell -- xilinx.com:ip:axi_protocol_converter:2.1 - auto_pc
Adding cell -- xilinx.com:ip:proc_sys_reset:5.0 - rst_ps7_0_50M
Adding cell -- pcalab:user:pspl_comm:1.0 - pspl_comm_0
Successfully read diagram <pspl_comm> from BD file </home/users/matsuda/project/Autonomous_Vehicle_Driving/project/project_1/project_1.srcs/sources_1/bd/pspl_comm/pspl_comm.bd>
create_bd_port -dir O -type clk axi_aclk
connect_bd_net [get_bd_ports axi_aclk] [get_bd_pins processing_system7_0/FCLK_CLK0]
regenerate_bd_layout
save_bd_design
Wrote  : </home/users/matsuda/project/Autonomous_Vehicle_Driving/project/project_1/project_1.srcs/sources_1/bd/pspl_comm/pspl_comm.bd> 
Wrote  : </home/users/matsuda/project/Autonomous_Vehicle_Driving/project/project_1/project_1.srcs/sources_1/bd/pspl_comm/ui/bd_39651d6c.ui> 
generate_target all [get_files  /home/users/matsuda/project/Autonomous_Vehicle_Driving/project/project_1/project_1.srcs/sources_1/bd/pspl_comm/pspl_comm.bd]
Wrote  : </home/users/matsuda/project/Autonomous_Vehicle_Driving/project/project_1/project_1.srcs/sources_1/bd/pspl_comm/pspl_comm.bd> 
VHDL Output written to : /home/users/matsuda/project/Autonomous_Vehicle_Driving/project/project_1/project_1.srcs/sources_1/bd/pspl_comm/synth/pspl_comm.v
VHDL Output written to : /home/users/matsuda/project/Autonomous_Vehicle_Driving/project/project_1/project_1.srcs/sources_1/bd/pspl_comm/sim/pspl_comm.v
VHDL Output written to : /home/users/matsuda/project/Autonomous_Vehicle_Driving/project/project_1/project_1.srcs/sources_1/bd/pspl_comm/hdl/pspl_comm_wrapper.v
INFO: [BD 41-1029] Generation completed for the IP Integrator block pspl_comm_0 .
INFO: [BD 41-1029] Generation completed for the IP Integrator block processing_system7_0 .
INFO: [BD 41-1029] Generation completed for the IP Integrator block rst_ps7_0_50M .
WARNING: [IP_Flow 19-4994] Overwriting existing constraint file '/home/users/matsuda/project/Autonomous_Vehicle_Driving/project/project_1/project_1.srcs/sources_1/bd/pspl_comm/ip/pspl_comm_auto_pc_0_1/pspl_comm_auto_pc_0_ooc.xdc'
INFO: [BD 41-1029] Generation completed for the IP Integrator block ps7_0_axi_periph/s00_couplers/auto_pc .
Exporting to file /home/users/matsuda/project/Autonomous_Vehicle_Driving/project/project_1/project_1.srcs/sources_1/bd/pspl_comm/hw_handoff/pspl_comm.hwh
Generated Block Design Tcl file /home/users/matsuda/project/Autonomous_Vehicle_Driving/project/project_1/project_1.srcs/sources_1/bd/pspl_comm/hw_handoff/pspl_comm_bd.tcl
Generated Hardware Definition File /home/users/matsuda/project/Autonomous_Vehicle_Driving/project/project_1/project_1.srcs/sources_1/bd/pspl_comm/synth/pspl_comm.hwdef
catch { config_ip_cache -export [get_ips -all pspl_comm_auto_pc_0] }
INFO: [IP_Flow 19-4993] Using cached IP synthesis design for IP pspl_comm_auto_pc_0, cache-ID = e61a66b19430793a; cache size = 106.443 MB.
export_ip_user_files -of_objects [get_files /home/users/matsuda/project/Autonomous_Vehicle_Driving/project/project_1/project_1.srcs/sources_1/bd/pspl_comm/pspl_comm.bd] -no_script -sync -force -quiet
create_ip_run [get_files -of_objects [get_fileset sources_1] /home/users/matsuda/project/Autonomous_Vehicle_Driving/project/project_1/project_1.srcs/sources_1/bd/pspl_comm/pspl_comm.bd]
export_simulation -of_objects [get_files /home/users/matsuda/project/Autonomous_Vehicle_Driving/project/project_1/project_1.srcs/sources_1/bd/pspl_comm/pspl_comm.bd] -directory /home/users/matsuda/project/Autonomous_Vehicle_Driving/project/project_1/project_1.ip_user_files/sim_scripts -ip_user_files_dir /home/users/matsuda/project/Autonomous_Vehicle_Driving/project/project_1/project_1.ip_user_files -ipstatic_source_dir /home/users/matsuda/project/Autonomous_Vehicle_Driving/project/project_1/project_1.ip_user_files/ipstatic -lib_map_path [list {modelsim=/home/users/matsuda/project/Autonomous_Vehicle_Driving/project/project_1/project_1.cache/compile_simlib/modelsim} {questa=/home/users/matsuda/project/Autonomous_Vehicle_Driving/project/project_1/project_1.cache/compile_simlib/questa} {ies=/home/users/matsuda/project/Autonomous_Vehicle_Driving/project/project_1/project_1.cache/compile_simlib/ies} {xcelium=/home/users/matsuda/project/Autonomous_Vehicle_Driving/project/project_1/project_1.cache/compile_simlib/xcelium} {vcs=/home/users/matsuda/project/Autonomous_Vehicle_Driving/project/project_1/project_1.cache/compile_simlib/vcs} {riviera=/home/users/matsuda/project/Autonomous_Vehicle_Driving/project/project_1/project_1.cache/compile_simlib/riviera}] -use_ip_compiled_libs -force -quiet
open_bd_design {/home/users/matsuda/project/Autonomous_Vehicle_Driving/project/project_1/project_1.srcs/sources_1/bd/pspl_comm/pspl_comm.bd}
WARNING: [IP_Flow 19-474] Invalid Parameter 'Component_Name'
reset_run synth_1
launch_runs synth_1 -jobs 48
[Wed Nov 27 12:38:40 2019] Launched synth_1...
Run output will be captured here: /home/users/matsuda/project/Autonomous_Vehicle_Driving/project/project_1/project_1.runs/synth_1/runme.log
launch_runs impl_1 -jobs 48
[Wed Nov 27 12:40:50 2019] Launched impl_1...
Run output will be captured here: /home/users/matsuda/project/Autonomous_Vehicle_Driving/project/project_1/project_1.runs/impl_1/runme.log
launch_runs impl_1 -to_step write_bitstream -jobs 48
[Wed Nov 27 12:53:37 2019] Launched impl_1...
Run output will be captured here: /home/users/matsuda/project/Autonomous_Vehicle_Driving/project/project_1/project_1.runs/impl_1/runme.log
launch_runs: Time (s): cpu = 00:00:00.40 ; elapsed = 00:00:06 . Memory (MB): peak = 8555.301 ; gain = 0.000 ; free physical = 119920 ; free virtual = 129666
open_run synth_1 -name synth_1
Design is defaulting to impl run constrset: constrs_1
Design is defaulting to synth run part: xc7z020clg400-1
INFO: [Project 1-454] Reading design checkpoint '/home/users/matsuda/project/Autonomous_Vehicle_Driving/project/project_1/project_1.srcs/sources_1/ip/clk_wiz_0/clk_wiz_0.dcp' for cell 'clk_wiz_0_inst'
INFO: [Project 1-454] Reading design checkpoint '/home/users/matsuda/project/Autonomous_Vehicle_Driving/project/project_1/project_1.srcs/sources_1/bd/pspl_comm/ip/pspl_comm_processing_system7_0_1/pspl_comm_processing_system7_0_1.dcp' for cell 'pspl_comm_inst/processing_system7_0'
INFO: [Project 1-454] Reading design checkpoint '/home/users/matsuda/project/Autonomous_Vehicle_Driving/project/project_1/project_1.srcs/sources_1/bd/pspl_comm/ip/pspl_comm_pspl_comm_0_0_1/pspl_comm_pspl_comm_0_0.dcp' for cell 'pspl_comm_inst/pspl_comm_0'
INFO: [Project 1-454] Reading design checkpoint '/home/users/matsuda/project/Autonomous_Vehicle_Driving/project/project_1/project_1.srcs/sources_1/bd/pspl_comm/ip/pspl_comm_rst_ps7_0_50M_0_1/pspl_comm_rst_ps7_0_50M_0.dcp' for cell 'pspl_comm_inst/rst_ps7_0_50M'
INFO: [Project 1-454] Reading design checkpoint '/home/users/matsuda/project/Autonomous_Vehicle_Driving/project/project_1/project_1.srcs/sources_1/bd/pspl_comm/ip/pspl_comm_auto_pc_0_1/pspl_comm_auto_pc_0.dcp' for cell 'pspl_comm_inst/ps7_0_axi_periph/s00_couplers/auto_pc'
INFO: [Netlist 29-17] Analyzing 1733 Unisim elements for replacement
INFO: [Netlist 29-28] Unisim Transformation completed in 0 CPU seconds
INFO: [Project 1-479] Netlist was created with Vivado 2018.3
INFO: [Project 1-570] Preparing netlist for logic optimization
Parsing XDC File [/home/users/matsuda/project/Autonomous_Vehicle_Driving/project/project_1/project_1.srcs/sources_1/bd/pspl_comm/ip/pspl_comm_processing_system7_0_1/pspl_comm_processing_system7_0_1.xdc] for cell 'pspl_comm_inst/processing_system7_0/inst'
CRITICAL WARNING: [Netlist 29-160] Cannot set property 'iostandard', because the property does not exist for objects of type 'pin'. [/home/users/matsuda/project/Autonomous_Vehicle_Driving/project/project_1/project_1.srcs/sources_1/bd/pspl_comm/ip/pspl_comm_processing_system7_0_1/pspl_comm_processing_system7_0_1.xdc:29]
Resolution: Modify the set_property command to apply the property on the correct object type. Since the property is being applied as a scoped constraint, ensure the proper connectivity of the object port objects can be translated into pin objects. This could be due to the insertion of IO Buffers between the top level terminal and cell pin. If the goal is to apply constraints that will migrate to top level ports it is required that IO Buffers manually be instanced.
CRITICAL WARNING: [Netlist 29-160] Cannot set property 'PACKAGE_PIN', because the property does not exist for objects of type 'pin'. [/home/users/matsuda/project/Autonomous_Vehicle_Driving/project/project_1/project_1.srcs/sources_1/bd/pspl_comm/ip/pspl_comm_processing_system7_0_1/pspl_comm_processing_system7_0_1.xdc:30]
Resolution: Modify the set_property command to apply the property on the correct object type. Since the property is being applied as a scoped constraint, ensure the proper connectivity of the object port objects can be translated into pin objects. This could be due to the insertion of IO Buffers between the top level terminal and cell pin. If the goal is to apply constraints that will migrate to top level ports it is required that IO Buffers manually be instanced.
CRITICAL WARNING: [Netlist 29-160] Cannot set property 'slew', because the property does not exist for objects of type 'pin'. [/home/users/matsuda/project/Autonomous_Vehicle_Driving/project/project_1/project_1.srcs/sources_1/bd/pspl_comm/ip/pspl_comm_processing_system7_0_1/pspl_comm_processing_system7_0_1.xdc:31]
Resolution: Modify the set_property command to apply the property on the correct object type. Since the property is being applied as a scoped constraint, ensure the proper connectivity of the object port objects can be translated into pin objects. This could be due to the insertion of IO Buffers between the top level terminal and cell pin. If the goal is to apply constraints that will migrate to top level ports it is required that IO Buffers manually be instanced.
CRITICAL WARNING: [Netlist 29-160] Cannot set property 'PIO_DIRECTION', because the property does not exist for objects of type 'pin'. [/home/users/matsuda/project/Autonomous_Vehicle_Driving/project/project_1/project_1.srcs/sources_1/bd/pspl_comm/ip/pspl_comm_processing_system7_0_1/pspl_comm_processing_system7_0_1.xdc:32]
Resolution: Modify the set_property command to apply the property on the correct object type. Since the property is being applied as a scoped constraint, ensure the proper connectivity of the object port objects can be translated into pin objects. This could be due to the insertion of IO Buffers between the top level terminal and cell pin. If the goal is to apply constraints that will migrate to top level ports it is required that IO Buffers manually be instanced.
CRITICAL WARNING: [Netlist 29-160] Cannot set property 'iostandard', because the property does not exist for objects of type 'pin'. [/home/users/matsuda/project/Autonomous_Vehicle_Driving/project/project_1/project_1.srcs/sources_1/bd/pspl_comm/ip/pspl_comm_processing_system7_0_1/pspl_comm_processing_system7_0_1.xdc:33]
Resolution: Modify the set_property command to apply the property on the correct object type. Since the property is being applied as a scoped constraint, ensure the proper connectivity of the object port objects can be translated into pin objects. This could be due to the insertion of IO Buffers between the top level terminal and cell pin. If the goal is to apply constraints that will migrate to top level ports it is required that IO Buffers manually be instanced.
CRITICAL WARNING: [Netlist 29-160] Cannot set property 'PACKAGE_PIN', because the property does not exist for objects of type 'pin'. [/home/users/matsuda/project/Autonomous_Vehicle_Driving/project/project_1/project_1.srcs/sources_1/bd/pspl_comm/ip/pspl_comm_processing_system7_0_1/pspl_comm_processing_system7_0_1.xdc:34]
Resolution: Modify the set_property command to apply the property on the correct object type. Since the property is being applied as a scoped constraint, ensure the proper connectivity of the object port objects can be translated into pin objects. This could be due to the insertion of IO Buffers between the top level terminal and cell pin. If the goal is to apply constraints that will migrate to top level ports it is required that IO Buffers manually be instanced.
CRITICAL WARNING: [Netlist 29-160] Cannot set property 'slew', because the property does not exist for objects of type 'pin'. [/home/users/matsuda/project/Autonomous_Vehicle_Driving/project/project_1/project_1.srcs/sources_1/bd/pspl_comm/ip/pspl_comm_processing_system7_0_1/pspl_comm_processing_system7_0_1.xdc:35]
Resolution: Modify the set_property command to apply the property on the correct object type. Since the property is being applied as a scoped constraint, ensure the proper connectivity of the object port objects can be translated into pin objects. This could be due to the insertion of IO Buffers between the top level terminal and cell pin. If the goal is to apply constraints that will migrate to top level ports it is required that IO Buffers manually be instanced.
CRITICAL WARNING: [Netlist 29-160] Cannot set property 'PIO_DIRECTION', because the property does not exist for objects of type 'pin'. [/home/users/matsuda/project/Autonomous_Vehicle_Driving/project/project_1/project_1.srcs/sources_1/bd/pspl_comm/ip/pspl_comm_processing_system7_0_1/pspl_comm_processing_system7_0_1.xdc:36]
Resolution: Modify the set_property command to apply the property on the correct object type. Since the property is being applied as a scoped constraint, ensure the proper connectivity of the object port objects can be translated into pin objects. This could be due to the insertion of IO Buffers between the top level terminal and cell pin. If the goal is to apply constraints that will migrate to top level ports it is required that IO Buffers manually be instanced.
CRITICAL WARNING: [Netlist 29-160] Cannot set property 'iostandard', because the property does not exist for objects of type 'pin'. [/home/users/matsuda/project/Autonomous_Vehicle_Driving/project/project_1/project_1.srcs/sources_1/bd/pspl_comm/ip/pspl_comm_processing_system7_0_1/pspl_comm_processing_system7_0_1.xdc:37]
Resolution: Modify the set_property command to apply the property on the correct object type. Since the property is being applied as a scoped constraint, ensure the proper connectivity of the object port objects can be translated into pin objects. This could be due to the insertion of IO Buffers between the top level terminal and cell pin. If the goal is to apply constraints that will migrate to top level ports it is required that IO Buffers manually be instanced.
CRITICAL WARNING: [Netlist 29-160] Cannot set property 'PACKAGE_PIN', because the property does not exist for objects of type 'pin'. [/home/users/matsuda/project/Autonomous_Vehicle_Driving/project/project_1/project_1.srcs/sources_1/bd/pspl_comm/ip/pspl_comm_processing_system7_0_1/pspl_comm_processing_system7_0_1.xdc:38]
Resolution: Modify the set_property command to apply the property on the correct object type. Since the property is being applied as a scoped constraint, ensure the proper connectivity of the object port objects can be translated into pin objects. This could be due to the insertion of IO Buffers between the top level terminal and cell pin. If the goal is to apply constraints that will migrate to top level ports it is required that IO Buffers manually be instanced.
CRITICAL WARNING: [Netlist 29-160] Cannot set property 'slew', because the property does not exist for objects of type 'pin'. [/home/users/matsuda/project/Autonomous_Vehicle_Driving/project/project_1/project_1.srcs/sources_1/bd/pspl_comm/ip/pspl_comm_processing_system7_0_1/pspl_comm_processing_system7_0_1.xdc:39]
Resolution: Modify the set_property command to apply the property on the correct object type. Since the property is being applied as a scoped constraint, ensure the proper connectivity of the object port objects can be translated into pin objects. This could be due to the insertion of IO Buffers between the top level terminal and cell pin. If the goal is to apply constraints that will migrate to top level ports it is required that IO Buffers manually be instanced.
CRITICAL WARNING: [Netlist 29-160] Cannot set property 'PIO_DIRECTION', because the property does not exist for objects of type 'pin'. [/home/users/matsuda/project/Autonomous_Vehicle_Driving/project/project_1/project_1.srcs/sources_1/bd/pspl_comm/ip/pspl_comm_processing_system7_0_1/pspl_comm_processing_system7_0_1.xdc:40]
Resolution: Modify the set_property command to apply the property on the correct object type. Since the property is being applied as a scoped constraint, ensure the proper connectivity of the object port objects can be translated into pin objects. This could be due to the insertion of IO Buffers between the top level terminal and cell pin. If the goal is to apply constraints that will migrate to top level ports it is required that IO Buffers manually be instanced.
CRITICAL WARNING: [Netlist 29-160] Cannot set property 'iostandard', because the property does not exist for objects of type 'pin'. [/home/users/matsuda/project/Autonomous_Vehicle_Driving/project/project_1/project_1.srcs/sources_1/bd/pspl_comm/ip/pspl_comm_processing_system7_0_1/pspl_comm_processing_system7_0_1.xdc:41]
Resolution: Modify the set_property command to apply the property on the correct object type. Since the property is being applied as a scoped constraint, ensure the proper connectivity of the object port objects can be translated into pin objects. This could be due to the insertion of IO Buffers between the top level terminal and cell pin. If the goal is to apply constraints that will migrate to top level ports it is required that IO Buffers manually be instanced.
CRITICAL WARNING: [Netlist 29-160] Cannot set property 'PACKAGE_PIN', because the property does not exist for objects of type 'pin'. [/home/users/matsuda/project/Autonomous_Vehicle_Driving/project/project_1/project_1.srcs/sources_1/bd/pspl_comm/ip/pspl_comm_processing_system7_0_1/pspl_comm_processing_system7_0_1.xdc:42]
Resolution: Modify the set_property command to apply the property on the correct object type. Since the property is being applied as a scoped constraint, ensure the proper connectivity of the object port objects can be translated into pin objects. This could be due to the insertion of IO Buffers between the top level terminal and cell pin. If the goal is to apply constraints that will migrate to top level ports it is required that IO Buffers manually be instanced.
CRITICAL WARNING: [Netlist 29-160] Cannot set property 'slew', because the property does not exist for objects of type 'pin'. [/home/users/matsuda/project/Autonomous_Vehicle_Driving/project/project_1/project_1.srcs/sources_1/bd/pspl_comm/ip/pspl_comm_processing_system7_0_1/pspl_comm_processing_system7_0_1.xdc:43]
Resolution: Modify the set_property command to apply the property on the correct object type. Since the property is being applied as a scoped constraint, ensure the proper connectivity of the object port objects can be translated into pin objects. This could be due to the insertion of IO Buffers between the top level terminal and cell pin. If the goal is to apply constraints that will migrate to top level ports it is required that IO Buffers manually be instanced.
CRITICAL WARNING: [Netlist 29-160] Cannot set property 'PIO_DIRECTION', because the property does not exist for objects of type 'pin'. [/home/users/matsuda/project/Autonomous_Vehicle_Driving/project/project_1/project_1.srcs/sources_1/bd/pspl_comm/ip/pspl_comm_processing_system7_0_1/pspl_comm_processing_system7_0_1.xdc:44]
Resolution: Modify the set_property command to apply the property on the correct object type. Since the property is being applied as a scoped constraint, ensure the proper connectivity of the object port objects can be translated into pin objects. This could be due to the insertion of IO Buffers between the top level terminal and cell pin. If the goal is to apply constraints that will migrate to top level ports it is required that IO Buffers manually be instanced.
CRITICAL WARNING: [Netlist 29-160] Cannot set property 'iostandard', because the property does not exist for objects of type 'pin'. [/home/users/matsuda/project/Autonomous_Vehicle_Driving/project/project_1/project_1.srcs/sources_1/bd/pspl_comm/ip/pspl_comm_processing_system7_0_1/pspl_comm_processing_system7_0_1.xdc:45]
Resolution: Modify the set_property command to apply the property on the correct object type. Since the property is being applied as a scoped constraint, ensure the proper connectivity of the object port objects can be translated into pin objects. This could be due to the insertion of IO Buffers between the top level terminal and cell pin. If the goal is to apply constraints that will migrate to top level ports it is required that IO Buffers manually be instanced.
CRITICAL WARNING: [Netlist 29-160] Cannot set property 'PACKAGE_PIN', because the property does not exist for objects of type 'pin'. [/home/users/matsuda/project/Autonomous_Vehicle_Driving/project/project_1/project_1.srcs/sources_1/bd/pspl_comm/ip/pspl_comm_processing_system7_0_1/pspl_comm_processing_system7_0_1.xdc:46]
Resolution: Modify the set_property command to apply the property on the correct object type. Since the property is being applied as a scoped constraint, ensure the proper connectivity of the object port objects can be translated into pin objects. This could be due to the insertion of IO Buffers between the top level terminal and cell pin. If the goal is to apply constraints that will migrate to top level ports it is required that IO Buffers manually be instanced.
CRITICAL WARNING: [Netlist 29-160] Cannot set property 'slew', because the property does not exist for objects of type 'pin'. [/home/users/matsuda/project/Autonomous_Vehicle_Driving/project/project_1/project_1.srcs/sources_1/bd/pspl_comm/ip/pspl_comm_processing_system7_0_1/pspl_comm_processing_system7_0_1.xdc:47]
Resolution: Modify the set_property command to apply the property on the correct object type. Since the property is being applied as a scoped constraint, ensure the proper connectivity of the object port objects can be translated into pin objects. This could be due to the insertion of IO Buffers between the top level terminal and cell pin. If the goal is to apply constraints that will migrate to top level ports it is required that IO Buffers manually be instanced.
CRITICAL WARNING: [Netlist 29-160] Cannot set property 'PIO_DIRECTION', because the property does not exist for objects of type 'pin'. [/home/users/matsuda/project/Autonomous_Vehicle_Driving/project/project_1/project_1.srcs/sources_1/bd/pspl_comm/ip/pspl_comm_processing_system7_0_1/pspl_comm_processing_system7_0_1.xdc:48]
Resolution: Modify the set_property command to apply the property on the correct object type. Since the property is being applied as a scoped constraint, ensure the proper connectivity of the object port objects can be translated into pin objects. This could be due to the insertion of IO Buffers between the top level terminal and cell pin. If the goal is to apply constraints that will migrate to top level ports it is required that IO Buffers manually be instanced.
CRITICAL WARNING: [Netlist 29-160] Cannot set property 'iostandard', because the property does not exist for objects of type 'pin'. [/home/users/matsuda/project/Autonomous_Vehicle_Driving/project/project_1/project_1.srcs/sources_1/bd/pspl_comm/ip/pspl_comm_processing_system7_0_1/pspl_comm_processing_system7_0_1.xdc:49]
Resolution: Modify the set_property command to apply the property on the correct object type. Since the property is being applied as a scoped constraint, ensure the proper connectivity of the object port objects can be translated into pin objects. This could be due to the insertion of IO Buffers between the top level terminal and cell pin. If the goal is to apply constraints that will migrate to top level ports it is required that IO Buffers manually be instanced.
CRITICAL WARNING: [Netlist 29-160] Cannot set property 'PACKAGE_PIN', because the property does not exist for objects of type 'pin'. [/home/users/matsuda/project/Autonomous_Vehicle_Driving/project/project_1/project_1.srcs/sources_1/bd/pspl_comm/ip/pspl_comm_processing_system7_0_1/pspl_comm_processing_system7_0_1.xdc:50]
Resolution: Modify the set_property command to apply the property on the correct object type. Since the property is being applied as a scoped constraint, ensure the proper connectivity of the object port objects can be translated into pin objects. This could be due to the insertion of IO Buffers between the top level terminal and cell pin. If the goal is to apply constraints that will migrate to top level ports it is required that IO Buffers manually be instanced.
CRITICAL WARNING: [Netlist 29-160] Cannot set property 'slew', because the property does not exist for objects of type 'pin'. [/home/users/matsuda/project/Autonomous_Vehicle_Driving/project/project_1/project_1.srcs/sources_1/bd/pspl_comm/ip/pspl_comm_processing_system7_0_1/pspl_comm_processing_system7_0_1.xdc:51]
Resolution: Modify the set_property command to apply the property on the correct object type. Since the property is being applied as a scoped constraint, ensure the proper connectivity of the object port objects can be translated into pin objects. This could be due to the insertion of IO Buffers between the top level terminal and cell pin. If the goal is to apply constraints that will migrate to top level ports it is required that IO Buffers manually be instanced.
CRITICAL WARNING: [Netlist 29-160] Cannot set property 'PIO_DIRECTION', because the property does not exist for objects of type 'pin'. [/home/users/matsuda/project/Autonomous_Vehicle_Driving/project/project_1/project_1.srcs/sources_1/bd/pspl_comm/ip/pspl_comm_processing_system7_0_1/pspl_comm_processing_system7_0_1.xdc:52]
Resolution: Modify the set_property command to apply the property on the correct object type. Since the property is being applied as a scoped constraint, ensure the proper connectivity of the object port objects can be translated into pin objects. This could be due to the insertion of IO Buffers between the top level terminal and cell pin. If the goal is to apply constraints that will migrate to top level ports it is required that IO Buffers manually be instanced.
CRITICAL WARNING: [Netlist 29-160] Cannot set property 'iostandard', because the property does not exist for objects of type 'pin'. [/home/users/matsuda/project/Autonomous_Vehicle_Driving/project/project_1/project_1.srcs/sources_1/bd/pspl_comm/ip/pspl_comm_processing_system7_0_1/pspl_comm_processing_system7_0_1.xdc:53]
Resolution: Modify the set_property command to apply the property on the correct object type. Since the property is being applied as a scoped constraint, ensure the proper connectivity of the object port objects can be translated into pin objects. This could be due to the insertion of IO Buffers between the top level terminal and cell pin. If the goal is to apply constraints that will migrate to top level ports it is required that IO Buffers manually be instanced.
CRITICAL WARNING: [Netlist 29-160] Cannot set property 'PACKAGE_PIN', because the property does not exist for objects of type 'pin'. [/home/users/matsuda/project/Autonomous_Vehicle_Driving/project/project_1/project_1.srcs/sources_1/bd/pspl_comm/ip/pspl_comm_processing_system7_0_1/pspl_comm_processing_system7_0_1.xdc:54]
Resolution: Modify the set_property command to apply the property on the correct object type. Since the property is being applied as a scoped constraint, ensure the proper connectivity of the object port objects can be translated into pin objects. This could be due to the insertion of IO Buffers between the top level terminal and cell pin. If the goal is to apply constraints that will migrate to top level ports it is required that IO Buffers manually be instanced.
CRITICAL WARNING: [Netlist 29-160] Cannot set property 'slew', because the property does not exist for objects of type 'pin'. [/home/users/matsuda/project/Autonomous_Vehicle_Driving/project/project_1/project_1.srcs/sources_1/bd/pspl_comm/ip/pspl_comm_processing_system7_0_1/pspl_comm_processing_system7_0_1.xdc:55]
Resolution: Modify the set_property command to apply the property on the correct object type. Since the property is being applied as a scoped constraint, ensure the proper connectivity of the object port objects can be translated into pin objects. This could be due to the insertion of IO Buffers between the top level terminal and cell pin. If the goal is to apply constraints that will migrate to top level ports it is required that IO Buffers manually be instanced.
CRITICAL WARNING: [Netlist 29-160] Cannot set property 'PIO_DIRECTION', because the property does not exist for objects of type 'pin'. [/home/users/matsuda/project/Autonomous_Vehicle_Driving/project/project_1/project_1.srcs/sources_1/bd/pspl_comm/ip/pspl_comm_processing_system7_0_1/pspl_comm_processing_system7_0_1.xdc:56]
Resolution: Modify the set_property command to apply the property on the correct object type. Since the property is being applied as a scoped constraint, ensure the proper connectivity of the object port objects can be translated into pin objects. This could be due to the insertion of IO Buffers between the top level terminal and cell pin. If the goal is to apply constraints that will migrate to top level ports it is required that IO Buffers manually be instanced.
CRITICAL WARNING: [Netlist 29-160] Cannot set property 'iostandard', because the property does not exist for objects of type 'pin'. [/home/users/matsuda/project/Autonomous_Vehicle_Driving/project/project_1/project_1.srcs/sources_1/bd/pspl_comm/ip/pspl_comm_processing_system7_0_1/pspl_comm_processing_system7_0_1.xdc:57]
Resolution: Modify the set_property command to apply the property on the correct object type. Since the property is being applied as a scoped constraint, ensure the proper connectivity of the object port objects can be translated into pin objects. This could be due to the insertion of IO Buffers between the top level terminal and cell pin. If the goal is to apply constraints that will migrate to top level ports it is required that IO Buffers manually be instanced.
CRITICAL WARNING: [Netlist 29-160] Cannot set property 'PACKAGE_PIN', because the property does not exist for objects of type 'pin'. [/home/users/matsuda/project/Autonomous_Vehicle_Driving/project/project_1/project_1.srcs/sources_1/bd/pspl_comm/ip/pspl_comm_processing_system7_0_1/pspl_comm_processing_system7_0_1.xdc:58]
Resolution: Modify the set_property command to apply the property on the correct object type. Since the property is being applied as a scoped constraint, ensure the proper connectivity of the object port objects can be translated into pin objects. This could be due to the insertion of IO Buffers between the top level terminal and cell pin. If the goal is to apply constraints that will migrate to top level ports it is required that IO Buffers manually be instanced.
CRITICAL WARNING: [Netlist 29-160] Cannot set property 'slew', because the property does not exist for objects of type 'pin'. [/home/users/matsuda/project/Autonomous_Vehicle_Driving/project/project_1/project_1.srcs/sources_1/bd/pspl_comm/ip/pspl_comm_processing_system7_0_1/pspl_comm_processing_system7_0_1.xdc:59]
Resolution: Modify the set_property command to apply the property on the correct object type. Since the property is being applied as a scoped constraint, ensure the proper connectivity of the object port objects can be translated into pin objects. This could be due to the insertion of IO Buffers between the top level terminal and cell pin. If the goal is to apply constraints that will migrate to top level ports it is required that IO Buffers manually be instanced.
CRITICAL WARNING: [Netlist 29-160] Cannot set property 'PIO_DIRECTION', because the property does not exist for objects of type 'pin'. [/home/users/matsuda/project/Autonomous_Vehicle_Driving/project/project_1/project_1.srcs/sources_1/bd/pspl_comm/ip/pspl_comm_processing_system7_0_1/pspl_comm_processing_system7_0_1.xdc:60]
Resolution: Modify the set_property command to apply the property on the correct object type. Since the property is being applied as a scoped constraint, ensure the proper connectivity of the object port objects can be translated into pin objects. This could be due to the insertion of IO Buffers between the top level terminal and cell pin. If the goal is to apply constraints that will migrate to top level ports it is required that IO Buffers manually be instanced.
CRITICAL WARNING: [Netlist 29-160] Cannot set property 'iostandard', because the property does not exist for objects of type 'pin'. [/home/users/matsuda/project/Autonomous_Vehicle_Driving/project/project_1/project_1.srcs/sources_1/bd/pspl_comm/ip/pspl_comm_processing_system7_0_1/pspl_comm_processing_system7_0_1.xdc:61]
Resolution: Modify the set_property command to apply the property on the correct object type. Since the property is being applied as a scoped constraint, ensure the proper connectivity of the object port objects can be translated into pin objects. This could be due to the insertion of IO Buffers between the top level terminal and cell pin. If the goal is to apply constraints that will migrate to top level ports it is required that IO Buffers manually be instanced.
CRITICAL WARNING: [Netlist 29-160] Cannot set property 'PACKAGE_PIN', because the property does not exist for objects of type 'pin'. [/home/users/matsuda/project/Autonomous_Vehicle_Driving/project/project_1/project_1.srcs/sources_1/bd/pspl_comm/ip/pspl_comm_processing_system7_0_1/pspl_comm_processing_system7_0_1.xdc:62]
Resolution: Modify the set_property command to apply the property on the correct object type. Since the property is being applied as a scoped constraint, ensure the proper connectivity of the object port objects can be translated into pin objects. This could be due to the insertion of IO Buffers between the top level terminal and cell pin. If the goal is to apply constraints that will migrate to top level ports it is required that IO Buffers manually be instanced.
CRITICAL WARNING: [Netlist 29-160] Cannot set property 'slew', because the property does not exist for objects of type 'pin'. [/home/users/matsuda/project/Autonomous_Vehicle_Driving/project/project_1/project_1.srcs/sources_1/bd/pspl_comm/ip/pspl_comm_processing_system7_0_1/pspl_comm_processing_system7_0_1.xdc:63]
Resolution: Modify the set_property command to apply the property on the correct object type. Since the property is being applied as a scoped constraint, ensure the proper connectivity of the object port objects can be translated into pin objects. This could be due to the insertion of IO Buffers between the top level terminal and cell pin. If the goal is to apply constraints that will migrate to top level ports it is required that IO Buffers manually be instanced.
CRITICAL WARNING: [Netlist 29-160] Cannot set property 'PIO_DIRECTION', because the property does not exist for objects of type 'pin'. [/home/users/matsuda/project/Autonomous_Vehicle_Driving/project/project_1/project_1.srcs/sources_1/bd/pspl_comm/ip/pspl_comm_processing_system7_0_1/pspl_comm_processing_system7_0_1.xdc:64]
Resolution: Modify the set_property command to apply the property on the correct object type. Since the property is being applied as a scoped constraint, ensure the proper connectivity of the object port objects can be translated into pin objects. This could be due to the insertion of IO Buffers between the top level terminal and cell pin. If the goal is to apply constraints that will migrate to top level ports it is required that IO Buffers manually be instanced.
CRITICAL WARNING: [Netlist 29-160] Cannot set property 'iostandard', because the property does not exist for objects of type 'pin'. [/home/users/matsuda/project/Autonomous_Vehicle_Driving/project/project_1/project_1.srcs/sources_1/bd/pspl_comm/ip/pspl_comm_processing_system7_0_1/pspl_comm_processing_system7_0_1.xdc:65]
Resolution: Modify the set_property command to apply the property on the correct object type. Since the property is being applied as a scoped constraint, ensure the proper connectivity of the object port objects can be translated into pin objects. This could be due to the insertion of IO Buffers between the top level terminal and cell pin. If the goal is to apply constraints that will migrate to top level ports it is required that IO Buffers manually be instanced.
CRITICAL WARNING: [Netlist 29-160] Cannot set property 'PACKAGE_PIN', because the property does not exist for objects of type 'pin'. [/home/users/matsuda/project/Autonomous_Vehicle_Driving/project/project_1/project_1.srcs/sources_1/bd/pspl_comm/ip/pspl_comm_processing_system7_0_1/pspl_comm_processing_system7_0_1.xdc:66]
Resolution: Modify the set_property command to apply the property on the correct object type. Since the property is being applied as a scoped constraint, ensure the proper connectivity of the object port objects can be translated into pin objects. This could be due to the insertion of IO Buffers between the top level terminal and cell pin. If the goal is to apply constraints that will migrate to top level ports it is required that IO Buffers manually be instanced.
CRITICAL WARNING: [Netlist 29-160] Cannot set property 'slew', because the property does not exist for objects of type 'pin'. [/home/users/matsuda/project/Autonomous_Vehicle_Driving/project/project_1/project_1.srcs/sources_1/bd/pspl_comm/ip/pspl_comm_processing_system7_0_1/pspl_comm_processing_system7_0_1.xdc:67]
Resolution: Modify the set_property command to apply the property on the correct object type. Since the property is being applied as a scoped constraint, ensure the proper connectivity of the object port objects can be translated into pin objects. This could be due to the insertion of IO Buffers between the top level terminal and cell pin. If the goal is to apply constraints that will migrate to top level ports it is required that IO Buffers manually be instanced.
CRITICAL WARNING: [Netlist 29-160] Cannot set property 'PIO_DIRECTION', because the property does not exist for objects of type 'pin'. [/home/users/matsuda/project/Autonomous_Vehicle_Driving/project/project_1/project_1.srcs/sources_1/bd/pspl_comm/ip/pspl_comm_processing_system7_0_1/pspl_comm_processing_system7_0_1.xdc:68]
Resolution: Modify the set_property command to apply the property on the correct object type. Since the property is being applied as a scoped constraint, ensure the proper connectivity of the object port objects can be translated into pin objects. This could be due to the insertion of IO Buffers between the top level terminal and cell pin. If the goal is to apply constraints that will migrate to top level ports it is required that IO Buffers manually be instanced.
CRITICAL WARNING: [Netlist 29-160] Cannot set property 'iostandard', because the property does not exist for objects of type 'pin'. [/home/users/matsuda/project/Autonomous_Vehicle_Driving/project/project_1/project_1.srcs/sources_1/bd/pspl_comm/ip/pspl_comm_processing_system7_0_1/pspl_comm_processing_system7_0_1.xdc:69]
Resolution: Modify the set_property command to apply the property on the correct object type. Since the property is being applied as a scoped constraint, ensure the proper connectivity of the object port objects can be translated into pin objects. This could be due to the insertion of IO Buffers between the top level terminal and cell pin. If the goal is to apply constraints that will migrate to top level ports it is required that IO Buffers manually be instanced.
CRITICAL WARNING: [Netlist 29-160] Cannot set property 'PACKAGE_PIN', because the property does not exist for objects of type 'pin'. [/home/users/matsuda/project/Autonomous_Vehicle_Driving/project/project_1/project_1.srcs/sources_1/bd/pspl_comm/ip/pspl_comm_processing_system7_0_1/pspl_comm_processing_system7_0_1.xdc:70]
Resolution: Modify the set_property command to apply the property on the correct object type. Since the property is being applied as a scoped constraint, ensure the proper connectivity of the object port objects can be translated into pin objects. This could be due to the insertion of IO Buffers between the top level terminal and cell pin. If the goal is to apply constraints that will migrate to top level ports it is required that IO Buffers manually be instanced.
CRITICAL WARNING: [Netlist 29-160] Cannot set property 'slew', because the property does not exist for objects of type 'pin'. [/home/users/matsuda/project/Autonomous_Vehicle_Driving/project/project_1/project_1.srcs/sources_1/bd/pspl_comm/ip/pspl_comm_processing_system7_0_1/pspl_comm_processing_system7_0_1.xdc:71]
Resolution: Modify the set_property command to apply the property on the correct object type. Since the property is being applied as a scoped constraint, ensure the proper connectivity of the object port objects can be translated into pin objects. This could be due to the insertion of IO Buffers between the top level terminal and cell pin. If the goal is to apply constraints that will migrate to top level ports it is required that IO Buffers manually be instanced.
CRITICAL WARNING: [Netlist 29-160] Cannot set property 'PIO_DIRECTION', because the property does not exist for objects of type 'pin'. [/home/users/matsuda/project/Autonomous_Vehicle_Driving/project/project_1/project_1.srcs/sources_1/bd/pspl_comm/ip/pspl_comm_processing_system7_0_1/pspl_comm_processing_system7_0_1.xdc:72]
Resolution: Modify the set_property command to apply the property on the correct object type. Since the property is being applied as a scoped constraint, ensure the proper connectivity of the object port objects can be translated into pin objects. This could be due to the insertion of IO Buffers between the top level terminal and cell pin. If the goal is to apply constraints that will migrate to top level ports it is required that IO Buffers manually be instanced.
CRITICAL WARNING: [Netlist 29-160] Cannot set property 'iostandard', because the property does not exist for objects of type 'pin'. [/home/users/matsuda/project/Autonomous_Vehicle_Driving/project/project_1/project_1.srcs/sources_1/bd/pspl_comm/ip/pspl_comm_processing_system7_0_1/pspl_comm_processing_system7_0_1.xdc:73]
Resolution: Modify the set_property command to apply the property on the correct object type. Since the property is being applied as a scoped constraint, ensure the proper connectivity of the object port objects can be translated into pin objects. This could be due to the insertion of IO Buffers between the top level terminal and cell pin. If the goal is to apply constraints that will migrate to top level ports it is required that IO Buffers manually be instanced.
CRITICAL WARNING: [Netlist 29-160] Cannot set property 'PACKAGE_PIN', because the property does not exist for objects of type 'pin'. [/home/users/matsuda/project/Autonomous_Vehicle_Driving/project/project_1/project_1.srcs/sources_1/bd/pspl_comm/ip/pspl_comm_processing_system7_0_1/pspl_comm_processing_system7_0_1.xdc:74]
Resolution: Modify the set_property command to apply the property on the correct object type. Since the property is being applied as a scoped constraint, ensure the proper connectivity of the object port objects can be translated into pin objects. This could be due to the insertion of IO Buffers between the top level terminal and cell pin. If the goal is to apply constraints that will migrate to top level ports it is required that IO Buffers manually be instanced.
CRITICAL WARNING: [Netlist 29-160] Cannot set property 'slew', because the property does not exist for objects of type 'pin'. [/home/users/matsuda/project/Autonomous_Vehicle_Driving/project/project_1/project_1.srcs/sources_1/bd/pspl_comm/ip/pspl_comm_processing_system7_0_1/pspl_comm_processing_system7_0_1.xdc:75]
Resolution: Modify the set_property command to apply the property on the correct object type. Since the property is being applied as a scoped constraint, ensure the proper connectivity of the object port objects can be translated into pin objects. This could be due to the insertion of IO Buffers between the top level terminal and cell pin. If the goal is to apply constraints that will migrate to top level ports it is required that IO Buffers manually be instanced.
CRITICAL WARNING: [Netlist 29-160] Cannot set property 'PIO_DIRECTION', because the property does not exist for objects of type 'pin'. [/home/users/matsuda/project/Autonomous_Vehicle_Driving/project/project_1/project_1.srcs/sources_1/bd/pspl_comm/ip/pspl_comm_processing_system7_0_1/pspl_comm_processing_system7_0_1.xdc:76]
Resolution: Modify the set_property command to apply the property on the correct object type. Since the property is being applied as a scoped constraint, ensure the proper connectivity of the object port objects can be translated into pin objects. This could be due to the insertion of IO Buffers between the top level terminal and cell pin. If the goal is to apply constraints that will migrate to top level ports it is required that IO Buffers manually be instanced.
CRITICAL WARNING: [Netlist 29-160] Cannot set property 'iostandard', because the property does not exist for objects of type 'pin'. [/home/users/matsuda/project/Autonomous_Vehicle_Driving/project/project_1/project_1.srcs/sources_1/bd/pspl_comm/ip/pspl_comm_processing_system7_0_1/pspl_comm_processing_system7_0_1.xdc:77]
Resolution: Modify the set_property command to apply the property on the correct object type. Since the property is being applied as a scoped constraint, ensure the proper connectivity of the object port objects can be translated into pin objects. This could be due to the insertion of IO Buffers between the top level terminal and cell pin. If the goal is to apply constraints that will migrate to top level ports it is required that IO Buffers manually be instanced.
CRITICAL WARNING: [Netlist 29-160] Cannot set property 'PACKAGE_PIN', because the property does not exist for objects of type 'pin'. [/home/users/matsuda/project/Autonomous_Vehicle_Driving/project/project_1/project_1.srcs/sources_1/bd/pspl_comm/ip/pspl_comm_processing_system7_0_1/pspl_comm_processing_system7_0_1.xdc:78]
Resolution: Modify the set_property command to apply the property on the correct object type. Since the property is being applied as a scoped constraint, ensure the proper connectivity of the object port objects can be translated into pin objects. This could be due to the insertion of IO Buffers between the top level terminal and cell pin. If the goal is to apply constraints that will migrate to top level ports it is required that IO Buffers manually be instanced.
CRITICAL WARNING: [Netlist 29-160] Cannot set property 'slew', because the property does not exist for objects of type 'pin'. [/home/users/matsuda/project/Autonomous_Vehicle_Driving/project/project_1/project_1.srcs/sources_1/bd/pspl_comm/ip/pspl_comm_processing_system7_0_1/pspl_comm_processing_system7_0_1.xdc:79]
Resolution: Modify the set_property command to apply the property on the correct object type. Since the property is being applied as a scoped constraint, ensure the proper connectivity of the object port objects can be translated into pin objects. This could be due to the insertion of IO Buffers between the top level terminal and cell pin. If the goal is to apply constraints that will migrate to top level ports it is required that IO Buffers manually be instanced.
CRITICAL WARNING: [Netlist 29-160] Cannot set property 'PIO_DIRECTION', because the property does not exist for objects of type 'pin'. [/home/users/matsuda/project/Autonomous_Vehicle_Driving/project/project_1/project_1.srcs/sources_1/bd/pspl_comm/ip/pspl_comm_processing_system7_0_1/pspl_comm_processing_system7_0_1.xdc:80]
Resolution: Modify the set_property command to apply the property on the correct object type. Since the property is being applied as a scoped constraint, ensure the proper connectivity of the object port objects can be translated into pin objects. This could be due to the insertion of IO Buffers between the top level terminal and cell pin. If the goal is to apply constraints that will migrate to top level ports it is required that IO Buffers manually be instanced.
CRITICAL WARNING: [Netlist 29-160] Cannot set property 'iostandard', because the property does not exist for objects of type 'pin'. [/home/users/matsuda/project/Autonomous_Vehicle_Driving/project/project_1/project_1.srcs/sources_1/bd/pspl_comm/ip/pspl_comm_processing_system7_0_1/pspl_comm_processing_system7_0_1.xdc:81]
Resolution: Modify the set_property command to apply the property on the correct object type. Since the property is being applied as a scoped constraint, ensure the proper connectivity of the object port objects can be translated into pin objects. This could be due to the insertion of IO Buffers between the top level terminal and cell pin. If the goal is to apply constraints that will migrate to top level ports it is required that IO Buffers manually be instanced.
CRITICAL WARNING: [Netlist 29-160] Cannot set property 'PACKAGE_PIN', because the property does not exist for objects of type 'pin'. [/home/users/matsuda/project/Autonomous_Vehicle_Driving/project/project_1/project_1.srcs/sources_1/bd/pspl_comm/ip/pspl_comm_processing_system7_0_1/pspl_comm_processing_system7_0_1.xdc:82]
Resolution: Modify the set_property command to apply the property on the correct object type. Since the property is being applied as a scoped constraint, ensure the proper connectivity of the object port objects can be translated into pin objects. This could be due to the insertion of IO Buffers between the top level terminal and cell pin. If the goal is to apply constraints that will migrate to top level ports it is required that IO Buffers manually be instanced.
CRITICAL WARNING: [Netlist 29-160] Cannot set property 'slew', because the property does not exist for objects of type 'pin'. [/home/users/matsuda/project/Autonomous_Vehicle_Driving/project/project_1/project_1.srcs/sources_1/bd/pspl_comm/ip/pspl_comm_processing_system7_0_1/pspl_comm_processing_system7_0_1.xdc:83]
Resolution: Modify the set_property command to apply the property on the correct object type. Since the property is being applied as a scoped constraint, ensure the proper connectivity of the object port objects can be translated into pin objects. This could be due to the insertion of IO Buffers between the top level terminal and cell pin. If the goal is to apply constraints that will migrate to top level ports it is required that IO Buffers manually be instanced.
CRITICAL WARNING: [Netlist 29-160] Cannot set property 'PIO_DIRECTION', because the property does not exist for objects of type 'pin'. [/home/users/matsuda/project/Autonomous_Vehicle_Driving/project/project_1/project_1.srcs/sources_1/bd/pspl_comm/ip/pspl_comm_processing_system7_0_1/pspl_comm_processing_system7_0_1.xdc:84]
Resolution: Modify the set_property command to apply the property on the correct object type. Since the property is being applied as a scoped constraint, ensure the proper connectivity of the object port objects can be translated into pin objects. This could be due to the insertion of IO Buffers between the top level terminal and cell pin. If the goal is to apply constraints that will migrate to top level ports it is required that IO Buffers manually be instanced.
CRITICAL WARNING: [Netlist 29-160] Cannot set property 'iostandard', because the property does not exist for objects of type 'pin'. [/home/users/matsuda/project/Autonomous_Vehicle_Driving/project/project_1/project_1.srcs/sources_1/bd/pspl_comm/ip/pspl_comm_processing_system7_0_1/pspl_comm_processing_system7_0_1.xdc:85]
Resolution: Modify the set_property command to apply the property on the correct object type. Since the property is being applied as a scoped constraint, ensure the proper connectivity of the object port objects can be translated into pin objects. This could be due to the insertion of IO Buffers between the top level terminal and cell pin. If the goal is to apply constraints that will migrate to top level ports it is required that IO Buffers manually be instanced.
CRITICAL WARNING: [Netlist 29-160] Cannot set property 'PACKAGE_PIN', because the property does not exist for objects of type 'pin'. [/home/users/matsuda/project/Autonomous_Vehicle_Driving/project/project_1/project_1.srcs/sources_1/bd/pspl_comm/ip/pspl_comm_processing_system7_0_1/pspl_comm_processing_system7_0_1.xdc:86]
Resolution: Modify the set_property command to apply the property on the correct object type. Since the property is being applied as a scoped constraint, ensure the proper connectivity of the object port objects can be translated into pin objects. This could be due to the insertion of IO Buffers between the top level terminal and cell pin. If the goal is to apply constraints that will migrate to top level ports it is required that IO Buffers manually be instanced.
CRITICAL WARNING: [Netlist 29-160] Cannot set property 'slew', because the property does not exist for objects of type 'pin'. [/home/users/matsuda/project/Autonomous_Vehicle_Driving/project/project_1/project_1.srcs/sources_1/bd/pspl_comm/ip/pspl_comm_processing_system7_0_1/pspl_comm_processing_system7_0_1.xdc:87]
Resolution: Modify the set_property command to apply the property on the correct object type. Since the property is being applied as a scoped constraint, ensure the proper connectivity of the object port objects can be translated into pin objects. This could be due to the insertion of IO Buffers between the top level terminal and cell pin. If the goal is to apply constraints that will migrate to top level ports it is required that IO Buffers manually be instanced.
CRITICAL WARNING: [Netlist 29-160] Cannot set property 'PIO_DIRECTION', because the property does not exist for objects of type 'pin'. [/home/users/matsuda/project/Autonomous_Vehicle_Driving/project/project_1/project_1.srcs/sources_1/bd/pspl_comm/ip/pspl_comm_processing_system7_0_1/pspl_comm_processing_system7_0_1.xdc:88]
Resolution: Modify the set_property command to apply the property on the correct object type. Since the property is being applied as a scoped constraint, ensure the proper connectivity of the object port objects can be translated into pin objects. This could be due to the insertion of IO Buffers between the top level terminal and cell pin. If the goal is to apply constraints that will migrate to top level ports it is required that IO Buffers manually be instanced.
CRITICAL WARNING: [Netlist 29-160] Cannot set property 'iostandard', because the property does not exist for objects of type 'pin'. [/home/users/matsuda/project/Autonomous_Vehicle_Driving/project/project_1/project_1.srcs/sources_1/bd/pspl_comm/ip/pspl_comm_processing_system7_0_1/pspl_comm_processing_system7_0_1.xdc:89]
Resolution: Modify the set_property command to apply the property on the correct object type. Since the property is being applied as a scoped constraint, ensure the proper connectivity of the object port objects can be translated into pin objects. This could be due to the insertion of IO Buffers between the top level terminal and cell pin. If the goal is to apply constraints that will migrate to top level ports it is required that IO Buffers manually be instanced.
CRITICAL WARNING: [Netlist 29-160] Cannot set property 'PACKAGE_PIN', because the property does not exist for objects of type 'pin'. [/home/users/matsuda/project/Autonomous_Vehicle_Driving/project/project_1/project_1.srcs/sources_1/bd/pspl_comm/ip/pspl_comm_processing_system7_0_1/pspl_comm_processing_system7_0_1.xdc:90]
Resolution: Modify the set_property command to apply the property on the correct object type. Since the property is being applied as a scoped constraint, ensure the proper connectivity of the object port objects can be translated into pin objects. This could be due to the insertion of IO Buffers between the top level terminal and cell pin. If the goal is to apply constraints that will migrate to top level ports it is required that IO Buffers manually be instanced.
CRITICAL WARNING: [Netlist 29-160] Cannot set property 'slew', because the property does not exist for objects of type 'pin'. [/home/users/matsuda/project/Autonomous_Vehicle_Driving/project/project_1/project_1.srcs/sources_1/bd/pspl_comm/ip/pspl_comm_processing_system7_0_1/pspl_comm_processing_system7_0_1.xdc:91]
Resolution: Modify the set_property command to apply the property on the correct object type. Since the property is being applied as a scoped constraint, ensure the proper connectivity of the object port objects can be translated into pin objects. This could be due to the insertion of IO Buffers between the top level terminal and cell pin. If the goal is to apply constraints that will migrate to top level ports it is required that IO Buffers manually be instanced.
CRITICAL WARNING: [Netlist 29-160] Cannot set property 'PIO_DIRECTION', because the property does not exist for objects of type 'pin'. [/home/users/matsuda/project/Autonomous_Vehicle_Driving/project/project_1/project_1.srcs/sources_1/bd/pspl_comm/ip/pspl_comm_processing_system7_0_1/pspl_comm_processing_system7_0_1.xdc:92]
Resolution: Modify the set_property command to apply the property on the correct object type. Since the property is being applied as a scoped constraint, ensure the proper connectivity of the object port objects can be translated into pin objects. This could be due to the insertion of IO Buffers between the top level terminal and cell pin. If the goal is to apply constraints that will migrate to top level ports it is required that IO Buffers manually be instanced.
CRITICAL WARNING: [Netlist 29-160] Cannot set property 'iostandard', because the property does not exist for objects of type 'pin'. [/home/users/matsuda/project/Autonomous_Vehicle_Driving/project/project_1/project_1.srcs/sources_1/bd/pspl_comm/ip/pspl_comm_processing_system7_0_1/pspl_comm_processing_system7_0_1.xdc:93]
Resolution: Modify the set_property command to apply the property on the correct object type. Since the property is being applied as a scoped constraint, ensure the proper connectivity of the object port objects can be translated into pin objects. This could be due to the insertion of IO Buffers between the top level terminal and cell pin. If the goal is to apply constraints that will migrate to top level ports it is required that IO Buffers manually be instanced.
CRITICAL WARNING: [Netlist 29-160] Cannot set property 'PACKAGE_PIN', because the property does not exist for objects of type 'pin'. [/home/users/matsuda/project/Autonomous_Vehicle_Driving/project/project_1/project_1.srcs/sources_1/bd/pspl_comm/ip/pspl_comm_processing_system7_0_1/pspl_comm_processing_system7_0_1.xdc:94]
Resolution: Modify the set_property command to apply the property on the correct object type. Since the property is being applied as a scoped constraint, ensure the proper connectivity of the object port objects can be translated into pin objects. This could be due to the insertion of IO Buffers between the top level terminal and cell pin. If the goal is to apply constraints that will migrate to top level ports it is required that IO Buffers manually be instanced.
CRITICAL WARNING: [Netlist 29-160] Cannot set property 'slew', because the property does not exist for objects of type 'pin'. [/home/users/matsuda/project/Autonomous_Vehicle_Driving/project/project_1/project_1.srcs/sources_1/bd/pspl_comm/ip/pspl_comm_processing_system7_0_1/pspl_comm_processing_system7_0_1.xdc:95]
Resolution: Modify the set_property command to apply the property on the correct object type. Since the property is being applied as a scoped constraint, ensure the proper connectivity of the object port objects can be translated into pin objects. This could be due to the insertion of IO Buffers between the top level terminal and cell pin. If the goal is to apply constraints that will migrate to top level ports it is required that IO Buffers manually be instanced.
CRITICAL WARNING: [Netlist 29-160] Cannot set property 'PIO_DIRECTION', because the property does not exist for objects of type 'pin'. [/home/users/matsuda/project/Autonomous_Vehicle_Driving/project/project_1/project_1.srcs/sources_1/bd/pspl_comm/ip/pspl_comm_processing_system7_0_1/pspl_comm_processing_system7_0_1.xdc:96]
Resolution: Modify the set_property command to apply the property on the correct object type. Since the property is being applied as a scoped constraint, ensure the proper connectivity of the object port objects can be translated into pin objects. This could be due to the insertion of IO Buffers between the top level terminal and cell pin. If the goal is to apply constraints that will migrate to top level ports it is required that IO Buffers manually be instanced.
CRITICAL WARNING: [Netlist 29-160] Cannot set property 'iostandard', because the property does not exist for objects of type 'pin'. [/home/users/matsuda/project/Autonomous_Vehicle_Driving/project/project_1/project_1.srcs/sources_1/bd/pspl_comm/ip/pspl_comm_processing_system7_0_1/pspl_comm_processing_system7_0_1.xdc:97]
Resolution: Modify the set_property command to apply the property on the correct object type. Since the property is being applied as a scoped constraint, ensure the proper connectivity of the object port objects can be translated into pin objects. This could be due to the insertion of IO Buffers between the top level terminal and cell pin. If the goal is to apply constraints that will migrate to top level ports it is required that IO Buffers manually be instanced.
CRITICAL WARNING: [Netlist 29-160] Cannot set property 'PACKAGE_PIN', because the property does not exist for objects of type 'pin'. [/home/users/matsuda/project/Autonomous_Vehicle_Driving/project/project_1/project_1.srcs/sources_1/bd/pspl_comm/ip/pspl_comm_processing_system7_0_1/pspl_comm_processing_system7_0_1.xdc:98]
Resolution: Modify the set_property command to apply the property on the correct object type. Since the property is being applied as a scoped constraint, ensure the proper connectivity of the object port objects can be translated into pin objects. This could be due to the insertion of IO Buffers between the top level terminal and cell pin. If the goal is to apply constraints that will migrate to top level ports it is required that IO Buffers manually be instanced.
CRITICAL WARNING: [Netlist 29-160] Cannot set property 'slew', because the property does not exist for objects of type 'pin'. [/home/users/matsuda/project/Autonomous_Vehicle_Driving/project/project_1/project_1.srcs/sources_1/bd/pspl_comm/ip/pspl_comm_processing_system7_0_1/pspl_comm_processing_system7_0_1.xdc:99]
Resolution: Modify the set_property command to apply the property on the correct object type. Since the property is being applied as a scoped constraint, ensure the proper connectivity of the object port objects can be translated into pin objects. This could be due to the insertion of IO Buffers between the top level terminal and cell pin. If the goal is to apply constraints that will migrate to top level ports it is required that IO Buffers manually be instanced.
CRITICAL WARNING: [Netlist 29-160] Cannot set property 'PIO_DIRECTION', because the property does not exist for objects of type 'pin'. [/home/users/matsuda/project/Autonomous_Vehicle_Driving/project/project_1/project_1.srcs/sources_1/bd/pspl_comm/ip/pspl_comm_processing_system7_0_1/pspl_comm_processing_system7_0_1.xdc:100]
Resolution: Modify the set_property command to apply the property on the correct object type. Since the property is being applied as a scoped constraint, ensure the proper connectivity of the object port objects can be translated into pin objects. This could be due to the insertion of IO Buffers between the top level terminal and cell pin. If the goal is to apply constraints that will migrate to top level ports it is required that IO Buffers manually be instanced.
CRITICAL WARNING: [Netlist 29-160] Cannot set property 'iostandard', because the property does not exist for objects of type 'pin'. [/home/users/matsuda/project/Autonomous_Vehicle_Driving/project/project_1/project_1.srcs/sources_1/bd/pspl_comm/ip/pspl_comm_processing_system7_0_1/pspl_comm_processing_system7_0_1.xdc:101]
Resolution: Modify the set_property command to apply the property on the correct object type. Since the property is being applied as a scoped constraint, ensure the proper connectivity of the object port objects can be translated into pin objects. This could be due to the insertion of IO Buffers between the top level terminal and cell pin. If the goal is to apply constraints that will migrate to top level ports it is required that IO Buffers manually be instanced.
CRITICAL WARNING: [Netlist 29-160] Cannot set property 'PACKAGE_PIN', because the property does not exist for objects of type 'pin'. [/home/users/matsuda/project/Autonomous_Vehicle_Driving/project/project_1/project_1.srcs/sources_1/bd/pspl_comm/ip/pspl_comm_processing_system7_0_1/pspl_comm_processing_system7_0_1.xdc:102]
Resolution: Modify the set_property command to apply the property on the correct object type. Since the property is being applied as a scoped constraint, ensure the proper connectivity of the object port objects can be translated into pin objects. This could be due to the insertion of IO Buffers between the top level terminal and cell pin. If the goal is to apply constraints that will migrate to top level ports it is required that IO Buffers manually be instanced.
CRITICAL WARNING: [Netlist 29-160] Cannot set property 'slew', because the property does not exist for objects of type 'pin'. [/home/users/matsuda/project/Autonomous_Vehicle_Driving/project/project_1/project_1.srcs/sources_1/bd/pspl_comm/ip/pspl_comm_processing_system7_0_1/pspl_comm_processing_system7_0_1.xdc:103]
Resolution: Modify the set_property command to apply the property on the correct object type. Since the property is being applied as a scoped constraint, ensure the proper connectivity of the object port objects can be translated into pin objects. This could be due to the insertion of IO Buffers between the top level terminal and cell pin. If the goal is to apply constraints that will migrate to top level ports it is required that IO Buffers manually be instanced.
CRITICAL WARNING: [Netlist 29-160] Cannot set property 'PIO_DIRECTION', because the property does not exist for objects of type 'pin'. [/home/users/matsuda/project/Autonomous_Vehicle_Driving/project/project_1/project_1.srcs/sources_1/bd/pspl_comm/ip/pspl_comm_processing_system7_0_1/pspl_comm_processing_system7_0_1.xdc:104]
Resolution: Modify the set_property command to apply the property on the correct object type. Since the property is being applied as a scoped constraint, ensure the proper connectivity of the object port objects can be translated into pin objects. This could be due to the insertion of IO Buffers between the top level terminal and cell pin. If the goal is to apply constraints that will migrate to top level ports it is required that IO Buffers manually be instanced.
CRITICAL WARNING: [Netlist 29-160] Cannot set property 'iostandard', because the property does not exist for objects of type 'pin'. [/home/users/matsuda/project/Autonomous_Vehicle_Driving/project/project_1/project_1.srcs/sources_1/bd/pspl_comm/ip/pspl_comm_processing_system7_0_1/pspl_comm_processing_system7_0_1.xdc:105]
Resolution: Modify the set_property command to apply the property on the correct object type. Since the property is being applied as a scoped constraint, ensure the proper connectivity of the object port objects can be translated into pin objects. This could be due to the insertion of IO Buffers between the top level terminal and cell pin. If the goal is to apply constraints that will migrate to top level ports it is required that IO Buffers manually be instanced.
CRITICAL WARNING: [Netlist 29-160] Cannot set property 'PACKAGE_PIN', because the property does not exist for objects of type 'pin'. [/home/users/matsuda/project/Autonomous_Vehicle_Driving/project/project_1/project_1.srcs/sources_1/bd/pspl_comm/ip/pspl_comm_processing_system7_0_1/pspl_comm_processing_system7_0_1.xdc:106]
Resolution: Modify the set_property command to apply the property on the correct object type. Since the property is being applied as a scoped constraint, ensure the proper connectivity of the object port objects can be translated into pin objects. This could be due to the insertion of IO Buffers between the top level terminal and cell pin. If the goal is to apply constraints that will migrate to top level ports it is required that IO Buffers manually be instanced.
CRITICAL WARNING: [Netlist 29-160] Cannot set property 'slew', because the property does not exist for objects of type 'pin'. [/home/users/matsuda/project/Autonomous_Vehicle_Driving/project/project_1/project_1.srcs/sources_1/bd/pspl_comm/ip/pspl_comm_processing_system7_0_1/pspl_comm_processing_system7_0_1.xdc:107]
Resolution: Modify the set_property command to apply the property on the correct object type. Since the property is being applied as a scoped constraint, ensure the proper connectivity of the object port objects can be translated into pin objects. This could be due to the insertion of IO Buffers between the top level terminal and cell pin. If the goal is to apply constraints that will migrate to top level ports it is required that IO Buffers manually be instanced.
CRITICAL WARNING: [Netlist 29-160] Cannot set property 'PIO_DIRECTION', because the property does not exist for objects of type 'pin'. [/home/users/matsuda/project/Autonomous_Vehicle_Driving/project/project_1/project_1.srcs/sources_1/bd/pspl_comm/ip/pspl_comm_processing_system7_0_1/pspl_comm_processing_system7_0_1.xdc:108]
Resolution: Modify the set_property command to apply the property on the correct object type. Since the property is being applied as a scoped constraint, ensure the proper connectivity of the object port objects can be translated into pin objects. This could be due to the insertion of IO Buffers between the top level terminal and cell pin. If the goal is to apply constraints that will migrate to top level ports it is required that IO Buffers manually be instanced.
CRITICAL WARNING: [Netlist 29-160] Cannot set property 'iostandard', because the property does not exist for objects of type 'pin'. [/home/users/matsuda/project/Autonomous_Vehicle_Driving/project/project_1/project_1.srcs/sources_1/bd/pspl_comm/ip/pspl_comm_processing_system7_0_1/pspl_comm_processing_system7_0_1.xdc:109]
Resolution: Modify the set_property command to apply the property on the correct object type. Since the property is being applied as a scoped constraint, ensure the proper connectivity of the object port objects can be translated into pin objects. This could be due to the insertion of IO Buffers between the top level terminal and cell pin. If the goal is to apply constraints that will migrate to top level ports it is required that IO Buffers manually be instanced.
CRITICAL WARNING: [Netlist 29-160] Cannot set property 'PACKAGE_PIN', because the property does not exist for objects of type 'pin'. [/home/users/matsuda/project/Autonomous_Vehicle_Driving/project/project_1/project_1.srcs/sources_1/bd/pspl_comm/ip/pspl_comm_processing_system7_0_1/pspl_comm_processing_system7_0_1.xdc:110]
Resolution: Modify the set_property command to apply the property on the correct object type. Since the property is being applied as a scoped constraint, ensure the proper connectivity of the object port objects can be translated into pin objects. This could be due to the insertion of IO Buffers between the top level terminal and cell pin. If the goal is to apply constraints that will migrate to top level ports it is required that IO Buffers manually be instanced.
CRITICAL WARNING: [Netlist 29-160] Cannot set property 'slew', because the property does not exist for objects of type 'pin'. [/home/users/matsuda/project/Autonomous_Vehicle_Driving/project/project_1/project_1.srcs/sources_1/bd/pspl_comm/ip/pspl_comm_processing_system7_0_1/pspl_comm_processing_system7_0_1.xdc:111]
Resolution: Modify the set_property command to apply the property on the correct object type. Since the property is being applied as a scoped constraint, ensure the proper connectivity of the object port objects can be translated into pin objects. This could be due to the insertion of IO Buffers between the top level terminal and cell pin. If the goal is to apply constraints that will migrate to top level ports it is required that IO Buffers manually be instanced.
CRITICAL WARNING: [Netlist 29-160] Cannot set property 'PIO_DIRECTION', because the property does not exist for objects of type 'pin'. [/home/users/matsuda/project/Autonomous_Vehicle_Driving/project/project_1/project_1.srcs/sources_1/bd/pspl_comm/ip/pspl_comm_processing_system7_0_1/pspl_comm_processing_system7_0_1.xdc:112]
Resolution: Modify the set_property command to apply the property on the correct object type. Since the property is being applied as a scoped constraint, ensure the proper connectivity of the object port objects can be translated into pin objects. This could be due to the insertion of IO Buffers between the top level terminal and cell pin. If the goal is to apply constraints that will migrate to top level ports it is required that IO Buffers manually be instanced.
CRITICAL WARNING: [Netlist 29-160] Cannot set property 'iostandard', because the property does not exist for objects of type 'pin'. [/home/users/matsuda/project/Autonomous_Vehicle_Driving/project/project_1/project_1.srcs/sources_1/bd/pspl_comm/ip/pspl_comm_processing_system7_0_1/pspl_comm_processing_system7_0_1.xdc:113]
Resolution: Modify the set_property command to apply the property on the correct object type. Since the property is being applied as a scoped constraint, ensure the proper connectivity of the object port objects can be translated into pin objects. This could be due to the insertion of IO Buffers between the top level terminal and cell pin. If the goal is to apply constraints that will migrate to top level ports it is required that IO Buffers manually be instanced.
CRITICAL WARNING: [Netlist 29-160] Cannot set property 'PACKAGE_PIN', because the property does not exist for objects of type 'pin'. [/home/users/matsuda/project/Autonomous_Vehicle_Driving/project/project_1/project_1.srcs/sources_1/bd/pspl_comm/ip/pspl_comm_processing_system7_0_1/pspl_comm_processing_system7_0_1.xdc:114]
Resolution: Modify the set_property command to apply the property on the correct object type. Since the property is being applied as a scoped constraint, ensure the proper connectivity of the object port objects can be translated into pin objects. This could be due to the insertion of IO Buffers between the top level terminal and cell pin. If the goal is to apply constraints that will migrate to top level ports it is required that IO Buffers manually be instanced.
CRITICAL WARNING: [Netlist 29-160] Cannot set property 'slew', because the property does not exist for objects of type 'pin'. [/home/users/matsuda/project/Autonomous_Vehicle_Driving/project/project_1/project_1.srcs/sources_1/bd/pspl_comm/ip/pspl_comm_processing_system7_0_1/pspl_comm_processing_system7_0_1.xdc:115]
Resolution: Modify the set_property command to apply the property on the correct object type. Since the property is being applied as a scoped constraint, ensure the proper connectivity of the object port objects can be translated into pin objects. This could be due to the insertion of IO Buffers between the top level terminal and cell pin. If the goal is to apply constraints that will migrate to top level ports it is required that IO Buffers manually be instanced.
CRITICAL WARNING: [Netlist 29-160] Cannot set property 'PIO_DIRECTION', because the property does not exist for objects of type 'pin'. [/home/users/matsuda/project/Autonomous_Vehicle_Driving/project/project_1/project_1.srcs/sources_1/bd/pspl_comm/ip/pspl_comm_processing_system7_0_1/pspl_comm_processing_system7_0_1.xdc:116]
Resolution: Modify the set_property command to apply the property on the correct object type. Since the property is being applied as a scoped constraint, ensure the proper connectivity of the object port objects can be translated into pin objects. This could be due to the insertion of IO Buffers between the top level terminal and cell pin. If the goal is to apply constraints that will migrate to top level ports it is required that IO Buffers manually be instanced.
CRITICAL WARNING: [Netlist 29-160] Cannot set property 'iostandard', because the property does not exist for objects of type 'pin'. [/home/users/matsuda/project/Autonomous_Vehicle_Driving/project/project_1/project_1.srcs/sources_1/bd/pspl_comm/ip/pspl_comm_processing_system7_0_1/pspl_comm_processing_system7_0_1.xdc:117]
Resolution: Modify the set_property command to apply the property on the correct object type. Since the property is being applied as a scoped constraint, ensure the proper connectivity of the object port objects can be translated into pin objects. This could be due to the insertion of IO Buffers between the top level terminal and cell pin. If the goal is to apply constraints that will migrate to top level ports it is required that IO Buffers manually be instanced.
CRITICAL WARNING: [Netlist 29-160] Cannot set property 'PACKAGE_PIN', because the property does not exist for objects of type 'pin'. [/home/users/matsuda/project/Autonomous_Vehicle_Driving/project/project_1/project_1.srcs/sources_1/bd/pspl_comm/ip/pspl_comm_processing_system7_0_1/pspl_comm_processing_system7_0_1.xdc:118]
Resolution: Modify the set_property command to apply the property on the correct object type. Since the property is being applied as a scoped constraint, ensure the proper connectivity of the object port objects can be translated into pin objects. This could be due to the insertion of IO Buffers between the top level terminal and cell pin. If the goal is to apply constraints that will migrate to top level ports it is required that IO Buffers manually be instanced.
CRITICAL WARNING: [Netlist 29-160] Cannot set property 'slew', because the property does not exist for objects of type 'pin'. [/home/users/matsuda/project/Autonomous_Vehicle_Driving/project/project_1/project_1.srcs/sources_1/bd/pspl_comm/ip/pspl_comm_processing_system7_0_1/pspl_comm_processing_system7_0_1.xdc:119]
Resolution: Modify the set_property command to apply the property on the correct object type. Since the property is being applied as a scoped constraint, ensure the proper connectivity of the object port objects can be translated into pin objects. This could be due to the insertion of IO Buffers between the top level terminal and cell pin. If the goal is to apply constraints that will migrate to top level ports it is required that IO Buffers manually be instanced.
CRITICAL WARNING: [Netlist 29-160] Cannot set property 'PIO_DIRECTION', because the property does not exist for objects of type 'pin'. [/home/users/matsuda/project/Autonomous_Vehicle_Driving/project/project_1/project_1.srcs/sources_1/bd/pspl_comm/ip/pspl_comm_processing_system7_0_1/pspl_comm_processing_system7_0_1.xdc:120]
Resolution: Modify the set_property command to apply the property on the correct object type. Since the property is being applied as a scoped constraint, ensure the proper connectivity of the object port objects can be translated into pin objects. This could be due to the insertion of IO Buffers between the top level terminal and cell pin. If the goal is to apply constraints that will migrate to top level ports it is required that IO Buffers manually be instanced.
CRITICAL WARNING: [Netlist 29-160] Cannot set property 'iostandard', because the property does not exist for objects of type 'pin'. [/home/users/matsuda/project/Autonomous_Vehicle_Driving/project/project_1/project_1.srcs/sources_1/bd/pspl_comm/ip/pspl_comm_processing_system7_0_1/pspl_comm_processing_system7_0_1.xdc:121]
Resolution: Modify the set_property command to apply the property on the correct object type. Since the property is being applied as a scoped constraint, ensure the proper connectivity of the object port objects can be translated into pin objects. This could be due to the insertion of IO Buffers between the top level terminal and cell pin. If the goal is to apply constraints that will migrate to top level ports it is required that IO Buffers manually be instanced.
CRITICAL WARNING: [Netlist 29-160] Cannot set property 'PACKAGE_PIN', because the property does not exist for objects of type 'pin'. [/home/users/matsuda/project/Autonomous_Vehicle_Driving/project/project_1/project_1.srcs/sources_1/bd/pspl_comm/ip/pspl_comm_processing_system7_0_1/pspl_comm_processing_system7_0_1.xdc:122]
Resolution: Modify the set_property command to apply the property on the correct object type. Since the property is being applied as a scoped constraint, ensure the proper connectivity of the object port objects can be translated into pin objects. This could be due to the insertion of IO Buffers between the top level terminal and cell pin. If the goal is to apply constraints that will migrate to top level ports it is required that IO Buffers manually be instanced.
CRITICAL WARNING: [Netlist 29-160] Cannot set property 'slew', because the property does not exist for objects of type 'pin'. [/home/users/matsuda/project/Autonomous_Vehicle_Driving/project/project_1/project_1.srcs/sources_1/bd/pspl_comm/ip/pspl_comm_processing_system7_0_1/pspl_comm_processing_system7_0_1.xdc:123]
Resolution: Modify the set_property command to apply the property on the correct object type. Since the property is being applied as a scoped constraint, ensure the proper connectivity of the object port objects can be translated into pin objects. This could be due to the insertion of IO Buffers between the top level terminal and cell pin. If the goal is to apply constraints that will migrate to top level ports it is required that IO Buffers manually be instanced.
CRITICAL WARNING: [Netlist 29-160] Cannot set property 'PIO_DIRECTION', because the property does not exist for objects of type 'pin'. [/home/users/matsuda/project/Autonomous_Vehicle_Driving/project/project_1/project_1.srcs/sources_1/bd/pspl_comm/ip/pspl_comm_processing_system7_0_1/pspl_comm_processing_system7_0_1.xdc:124]
Resolution: Modify the set_property command to apply the property on the correct object type. Since the property is being applied as a scoped constraint, ensure the proper connectivity of the object port objects can be translated into pin objects. This could be due to the insertion of IO Buffers between the top level terminal and cell pin. If the goal is to apply constraints that will migrate to top level ports it is required that IO Buffers manually be instanced.
CRITICAL WARNING: [Netlist 29-160] Cannot set property 'iostandard', because the property does not exist for objects of type 'pin'. [/home/users/matsuda/project/Autonomous_Vehicle_Driving/project/project_1/project_1.srcs/sources_1/bd/pspl_comm/ip/pspl_comm_processing_system7_0_1/pspl_comm_processing_system7_0_1.xdc:125]
Resolution: Modify the set_property command to apply the property on the correct object type. Since the property is being applied as a scoped constraint, ensure the proper connectivity of the object port objects can be translated into pin objects. This could be due to the insertion of IO Buffers between the top level terminal and cell pin. If the goal is to apply constraints that will migrate to top level ports it is required that IO Buffers manually be instanced.
CRITICAL WARNING: [Netlist 29-160] Cannot set property 'PACKAGE_PIN', because the property does not exist for objects of type 'pin'. [/home/users/matsuda/project/Autonomous_Vehicle_Driving/project/project_1/project_1.srcs/sources_1/bd/pspl_comm/ip/pspl_comm_processing_system7_0_1/pspl_comm_processing_system7_0_1.xdc:126]
Resolution: Modify the set_property command to apply the property on the correct object type. Since the property is being applied as a scoped constraint, ensure the proper connectivity of the object port objects can be translated into pin objects. This could be due to the insertion of IO Buffers between the top level terminal and cell pin. If the goal is to apply constraints that will migrate to top level ports it is required that IO Buffers manually be instanced.
CRITICAL WARNING: [Netlist 29-160] Cannot set property 'slew', because the property does not exist for objects of type 'pin'. [/home/users/matsuda/project/Autonomous_Vehicle_Driving/project/project_1/project_1.srcs/sources_1/bd/pspl_comm/ip/pspl_comm_processing_system7_0_1/pspl_comm_processing_system7_0_1.xdc:127]
Resolution: Modify the set_property command to apply the property on the correct object type. Since the property is being applied as a scoped constraint, ensure the proper connectivity of the object port objects can be translated into pin objects. This could be due to the insertion of IO Buffers between the top level terminal and cell pin. If the goal is to apply constraints that will migrate to top level ports it is required that IO Buffers manually be instanced.
CRITICAL WARNING: [Netlist 29-160] Cannot set property 'PIO_DIRECTION', because the property does not exist for objects of type 'pin'. [/home/users/matsuda/project/Autonomous_Vehicle_Driving/project/project_1/project_1.srcs/sources_1/bd/pspl_comm/ip/pspl_comm_processing_system7_0_1/pspl_comm_processing_system7_0_1.xdc:128]
Resolution: Modify the set_property command to apply the property on the correct object type. Since the property is being applied as a scoped constraint, ensure the proper connectivity of the object port objects can be translated into pin objects. This could be due to the insertion of IO Buffers between the top level terminal and cell pin. If the goal is to apply constraints that will migrate to top level ports it is required that IO Buffers manually be instanced.
INFO: [Common 17-14] Message 'Netlist 29-160' appears 100 times and further instances of the messages will be disabled. Use the Tcl command set_msg_config to change the current settings. [/home/users/matsuda/project/Autonomous_Vehicle_Driving/project/project_1/project_1.srcs/sources_1/bd/pspl_comm/ip/pspl_comm_processing_system7_0_1/pspl_comm_processing_system7_0_1.xdc:128]
Finished Parsing XDC File [/home/users/matsuda/project/Autonomous_Vehicle_Driving/project/project_1/project_1.srcs/sources_1/bd/pspl_comm/ip/pspl_comm_processing_system7_0_1/pspl_comm_processing_system7_0_1.xdc] for cell 'pspl_comm_inst/processing_system7_0/inst'
Parsing XDC File [/home/users/matsuda/project/Autonomous_Vehicle_Driving/project/project_1/project_1.srcs/sources_1/bd/pspl_comm/ip/pspl_comm_rst_ps7_0_50M_0_1/pspl_comm_rst_ps7_0_50M_0_board.xdc] for cell 'pspl_comm_inst/rst_ps7_0_50M/U0'
Finished Parsing XDC File [/home/users/matsuda/project/Autonomous_Vehicle_Driving/project/project_1/project_1.srcs/sources_1/bd/pspl_comm/ip/pspl_comm_rst_ps7_0_50M_0_1/pspl_comm_rst_ps7_0_50M_0_board.xdc] for cell 'pspl_comm_inst/rst_ps7_0_50M/U0'
Parsing XDC File [/home/users/matsuda/project/Autonomous_Vehicle_Driving/project/project_1/project_1.srcs/sources_1/bd/pspl_comm/ip/pspl_comm_rst_ps7_0_50M_0_1/pspl_comm_rst_ps7_0_50M_0.xdc] for cell 'pspl_comm_inst/rst_ps7_0_50M/U0'
Finished Parsing XDC File [/home/users/matsuda/project/Autonomous_Vehicle_Driving/project/project_1/project_1.srcs/sources_1/bd/pspl_comm/ip/pspl_comm_rst_ps7_0_50M_0_1/pspl_comm_rst_ps7_0_50M_0.xdc] for cell 'pspl_comm_inst/rst_ps7_0_50M/U0'
Parsing XDC File [/home/users/matsuda/project/Autonomous_Vehicle_Driving/project/project_1/project_1.srcs/sources_1/ip/clk_wiz_0/clk_wiz_0_board.xdc] for cell 'clk_wiz_0_inst/inst'
Finished Parsing XDC File [/home/users/matsuda/project/Autonomous_Vehicle_Driving/project/project_1/project_1.srcs/sources_1/ip/clk_wiz_0/clk_wiz_0_board.xdc] for cell 'clk_wiz_0_inst/inst'
Parsing XDC File [/home/users/matsuda/project/Autonomous_Vehicle_Driving/project/project_1/project_1.srcs/sources_1/ip/clk_wiz_0/clk_wiz_0.xdc] for cell 'clk_wiz_0_inst/inst'
INFO: [Timing 38-35] Done setting XDC timing constraints. [/home/users/matsuda/project/Autonomous_Vehicle_Driving/project/project_1/project_1.srcs/sources_1/ip/clk_wiz_0/clk_wiz_0.xdc:57]
INFO: [Timing 38-2] Deriving generated clocks [/home/users/matsuda/project/Autonomous_Vehicle_Driving/project/project_1/project_1.srcs/sources_1/ip/clk_wiz_0/clk_wiz_0.xdc:57]
Finished Parsing XDC File [/home/users/matsuda/project/Autonomous_Vehicle_Driving/project/project_1/project_1.srcs/sources_1/ip/clk_wiz_0/clk_wiz_0.xdc] for cell 'clk_wiz_0_inst/inst'
Parsing XDC File [/home/users/matsuda/project/Autonomous_Vehicle_Driving/src/xdc/camera.xdc]
Finished Parsing XDC File [/home/users/matsuda/project/Autonomous_Vehicle_Driving/src/xdc/camera.xdc]
Parsing XDC File [/home/users/matsuda/project/Autonomous_Vehicle_Driving/src/xdc/system.xdc]
WARNING: [Vivado 12-507] No nets matched 'clk_24m_IBUF'. [/home/users/matsuda/project/Autonomous_Vehicle_Driving/src/xdc/system.xdc:14]
CRITICAL WARNING: [Common 17-55] 'set_property' expects at least one object. [/home/users/matsuda/project/Autonomous_Vehicle_Driving/src/xdc/system.xdc:14]
Resolution: If [get_<value>] was used to populate the object, check to make sure this command returns at least one valid object.
WARNING: [Vivado 12-507] No nets matched 'clk_12m_IBUF'. [/home/users/matsuda/project/Autonomous_Vehicle_Driving/src/xdc/system.xdc:15]
CRITICAL WARNING: [Common 17-55] 'set_property' expects at least one object. [/home/users/matsuda/project/Autonomous_Vehicle_Driving/src/xdc/system.xdc:15]
Resolution: If [get_<value>] was used to populate the object, check to make sure this command returns at least one valid object.
Finished Parsing XDC File [/home/users/matsuda/project/Autonomous_Vehicle_Driving/src/xdc/system.xdc]
Parsing XDC File [/home/users/matsuda/project/Autonomous_Vehicle_Driving/src/xdc/PPAM_v3_2.xdc]
Finished Parsing XDC File [/home/users/matsuda/project/Autonomous_Vehicle_Driving/src/xdc/PPAM_v3_2.xdc]
Parsing XDC File [/home/users/matsuda/project/Autonomous_Vehicle_Driving/src/xdc/target.xdc]
Finished Parsing XDC File [/home/users/matsuda/project/Autonomous_Vehicle_Driving/src/xdc/target.xdc]
INFO: [Opt 31-138] Pushed 0 inverter(s) to 0 load pin(s).
Netlist sorting complete. Time (s): cpu = 00:00:00 ; elapsed = 00:00:00 . Memory (MB): peak = 8555.301 ; gain = 0.000 ; free physical = 118685 ; free virtual = 128433
INFO: [Project 1-111] Unisim Transformation Summary:
  A total of 2 instances were transformed.
  RAM16X1D => RAM32X1D (RAMD32, RAMD32): 2 instances

open_run: Time (s): cpu = 00:00:12 ; elapsed = 00:00:08 . Memory (MB): peak = 8870.492 ; gain = 315.191 ; free physical = 118604 ; free virtual = 128352
report_timing_summary -delay_type min_max -report_unconstrained -check_timing_verbose -max_paths 10 -input_pins -routable_nets -name timing_1
INFO: [Timing 38-35] Done setting XDC timing constraints.
INFO: [Timing 38-2] Deriving generated clocks
INFO: [Timing 38-91] UpdateTimingParams: Speed grade: -1, Delay Type: min_max.
INFO: [Timing 38-191] Multithreading enabled for timing update using a maximum of 8 CPUs
reset_run synth_1
launch_runs synth_1 -jobs 48
[Wed Nov 27 13:27:37 2019] Launched synth_1...
Run output will be captured here: /home/users/matsuda/project/Autonomous_Vehicle_Driving/project/project_1/project_1.runs/synth_1/runme.log
close_design
launch_runs impl_1 -jobs 48
[Wed Nov 27 13:29:44 2019] Launched impl_1...
Run output will be captured here: /home/users/matsuda/project/Autonomous_Vehicle_Driving/project/project_1/project_1.runs/impl_1/runme.log
launch_runs impl_1 -to_step write_bitstream -jobs 48
[Wed Nov 27 13:38:35 2019] Launched impl_1...
Run output will be captured here: /home/users/matsuda/project/Autonomous_Vehicle_Driving/project/project_1/project_1.runs/impl_1/runme.log
