#-----------------------------------------------------------
# Vivado v2018.3 (64-bit)
# SW Build 2405991 on Thu Dec  6 23:36:41 MST 2018
# IP Build 2404404 on Fri Dec  7 01:43:56 MST 2018
# Start of session at: Sat Nov  9 17:01:49 2019
# Process ID: 17303
# Current directory: /home/users/matsuda/project/Autonomous_Vehicle_Driving/top/lsd/hdl/project/project_1
# Command line: vivado project_1.xpr
# Log file: /home/users/matsuda/project/Autonomous_Vehicle_Driving/top/lsd/hdl/project/project_1/vivado.log
# Journal file: /home/users/matsuda/project/Autonomous_Vehicle_Driving/top/lsd/hdl/project/project_1/vivado.jou
#-----------------------------------------------------------
start_gui
open_project project_1.xpr
INFO: [Project 1-313] Project file moved from '/home/users/manabe/2019/auto_drive/lsd/hdl/project/project_1' since last save.
WARNING: [Project 1-312] File not found as '/home/users/matsuda/katayama/study/hdmi/PYNQ-Z1_C.xdc'; using path '/home/users/katayama/study/hdmi/PYNQ-Z1_C.xdc' instead.
Scanning sources...
Finished scanning sources
WARNING: [Project 1-312] File not found as '/home/users/matsuda/katayama/study/hdmi/PYNQ-Z1_C.xdc'; using path '/home/users/katayama/study/hdmi/PYNQ-Z1_C.xdc' instead.
WARNING: [Project 1-312] File not found as '/home/users/matsuda/katayama/study/hdmi/PYNQ-Z1_C.xdc'; using path '/home/users/katayama/study/hdmi/PYNQ-Z1_C.xdc' instead.
INFO: [filemgmt 56-1] IP Repository Path: Directory not found as '/home/users/matsuda/katayama/study/hdmi/for_manabe/vivado-library-master'; using path '/home/users/katayama/study/hdmi/for_manabe/vivado-library-master' instead.
INFO: [IP_Flow 19-234] Refreshing IP repositories
INFO: [IP_Flow 19-1700] Loaded user IP repository '/home/users/katayama/study/hdmi/for_manabe/vivado-library-master'.
INFO: [IP_Flow 19-2313] Loaded Vivado IP repository '/home/cad/xilinx-vivado-2018.3/Vivado/2018.3/data/ip'.
open_project: Time (s): cpu = 00:00:16 ; elapsed = 00:00:19 . Memory (MB): peak = 6555.621 ; gain = 199.434 ; free physical = 317 ; free virtual = 5800
update_compile_order -fileset sources_1
create_bd_design "design_1"
Wrote  : </home/users/matsuda/project/Autonomous_Vehicle_Driving/top/lsd/hdl/project/project_1/project_1.srcs/sources_1/bd/design_1/design_1.bd> 
update_compile_order -fileset sources_1
exit
INFO: [Common 17-206] Exiting Vivado at Sat Nov  9 18:00:34 2019...
