#-----------------------------------------------------------
# Vivado v2018.3 (64-bit)
# SW Build 2405991 on Thu Dec  6 23:36:41 MST 2018
# IP Build 2404404 on Fri Dec  7 01:43:56 MST 2018
# Start of session at: Tue Aug 27 11:28:34 2019
# Process ID: 1395
# Current directory: /home/users/saikai/Project/Autonomous_Vehicle_Driving/pspl_comm
# Command line: vivado project_1/project_1.xpr
# Log file: /home/users/saikai/Project/Autonomous_Vehicle_Driving/pspl_comm/vivado.log
# Journal file: /home/users/saikai/Project/Autonomous_Vehicle_Driving/pspl_comm/vivado.jou
#-----------------------------------------------------------
start_gui
open_project project_1/project_1.xpr
Scanning sources...
Finished scanning sources
INFO: [IP_Flow 19-234] Refreshing IP repositories
INFO: [IP_Flow 19-1700] Loaded user IP repository '/home/users/saikai/Project/Autonomous_Vehicle_Driving/pspl_comm/ip_repo/myip_1.0'.
INFO: [IP_Flow 19-2313] Loaded Vivado IP repository '/home/cad/xilinx-vivado-2018.3/Vivado/2018.3/data/ip'.
open_project: Time (s): cpu = 00:00:12 ; elapsed = 00:00:12 . Memory (MB): peak = 6523.762 ; gain = 172.301 ; free physical = 196 ; free virtual = 6035
update_compile_order -fileset sources_1
