#-----------------------------------------------------------
# Vivado v2018.3 (64-bit)
# SW Build 2405991 on Thu Dec  6 23:36:41 MST 2018
# IP Build 2404404 on Fri Dec  7 01:43:56 MST 2018
# Start of session at: Tue Aug 27 11:29:51 2019
# Process ID: 37541
# Current directory: /home/users/saikai/Project/Autonomous_Vehicle_Driving/pspl_comm
# Command line: vivado project_1/project_1.xpr
# Log file: /home/users/saikai/Project/Autonomous_Vehicle_Driving/pspl_comm/vivado.log
# Journal file: /home/users/saikai/Project/Autonomous_Vehicle_Driving/pspl_comm/vivado.jou
#-----------------------------------------------------------
start_gui
open_project project_1/project_1.xpr
Scanning sources...
Finished scanning sources
INFO: [IP_Flow 19-234] Refreshing IP repositories
INFO: [IP_Flow 19-1700] Loaded user IP repository '/home/users/saikai/Project/Autonomous_Vehicle_Driving/pspl_comm/ip_repo/myip_1.0'.
INFO: [IP_Flow 19-2313] Loaded Vivado IP repository '/home/cad/xilinx-vivado-2018.3/Vivado/2018.3/data/ip'.
open_project: Time (s): cpu = 00:00:20 ; elapsed = 00:00:12 . Memory (MB): peak = 6675.977 ; gain = 143.098 ; free physical = 113917 ; free virtual = 130930
update_compile_order -fileset sources_1
reset_run impl_1 -prev_step 
launch_runs impl_1 -to_step write_bitstream -jobs 4
[Tue Aug 27 11:31:43 2019] Launched impl_1...
Run output will be captured here: /home/users/saikai/Project/Autonomous_Vehicle_Driving/pspl_comm/project_1/project_1.runs/impl_1/runme.log
