Copyright 1986-2018 Xilinx, Inc. All Rights Reserved.
------------------------------------------------------------------------------------
| Tool Version : Vivado v.2018.3 (lin64) Build 2405991 Thu Dec  6 23:36:41 MST 2018
| Date         : Thu Aug 29 15:54:56 2019
| Host         : flamingo running 64-bit CentOS release 6.10 (Final)
| Command      : report_control_sets -verbose -file top_control_sets_placed.rpt
| Design       : top
| Device       : xc7z020
------------------------------------------------------------------------------------

Control Set Information

Table of Contents
-----------------
1. Summary
2. Histogram
3. Flip-Flop Distribution
4. Detailed Control Set Information

1. Summary
----------

+----------------------------------------------------------+-------+
|                          Status                          | Count |
+----------------------------------------------------------+-------+
| Number of unique control sets                            |    47 |
| Unused register locations in slices containing registers |   114 |
+----------------------------------------------------------+-------+


2. Histogram
------------

+--------+--------------+
| Fanout | Control Sets |
+--------+--------------+
|      1 |            1 |
|      2 |            1 |
|      4 |            8 |
|      5 |            3 |
|      6 |            1 |
|      8 |           13 |
|     10 |            2 |
|     13 |            4 |
|     14 |            2 |
|    16+ |           12 |
+--------+--------------+


3. Flip-Flop Distribution
-------------------------

+--------------+-----------------------+------------------------+-----------------+--------------+
| Clock Enable | Synchronous Set/Reset | Asynchronous Set/Reset | Total Registers | Total Slices |
+--------------+-----------------------+------------------------+-----------------+--------------+
| No           | No                    | No                     |             184 |           54 |
| No           | No                    | Yes                    |               0 |            0 |
| No           | Yes                   | No                     |              32 |           16 |
| Yes          | No                    | No                     |             272 |           62 |
| Yes          | No                    | Yes                    |               0 |            0 |
| Yes          | Yes                   | No                     |             158 |           37 |
+--------------+-----------------------+------------------------+-----------------+--------------+


4. Detailed Control Set Information
-----------------------------------

+----------------------------------------------------------------------+---------------------------------------------------------------------------------------------------------------------------------------------------------+------------------------------------------------------------------------------------------------------------------------------------------------+------------------+----------------+
|                             Clock Signal                             |                                                                      Enable Signal                                                                      |                                                                Set/Reset Signal                                                                | Slice Load Count | Bel Load Count |
+----------------------------------------------------------------------+---------------------------------------------------------------------------------------------------------------------------------------------------------+------------------------------------------------------------------------------------------------------------------------------------------------+------------------+----------------+
|  uut/processing_system7_0/inst/FCLK_CLK0                             | uut/ps7_0_axi_periph/s00_couplers/auto_pc/inst/gen_axilite.gen_b2s_conv.axilite_b2s/WR.aw_channel_0/aw_cmd_fsm_0/axi_awready_reg_0                      | uut/ps7_0_axi_periph/s00_couplers/auto_pc/inst/gen_axilite.gen_b2s_conv.axilite_b2s/WR.aw_channel_0/aw_cmd_fsm_0/axi_awready_reg               |                1 |              1 |
|  uut/processing_system7_0/inst/FCLK_CLK0                             | uut/ps7_0_axi_periph/s00_couplers/auto_pc/inst/gen_axilite.gen_b2s_conv.axilite_b2s/WR.b_channel_0/bid_fifo_0/sel                                       |                                                                                                                                                |                1 |              2 |
|  uut/myip_0/inst/myip_v1_0_S00_AXI_inst/led_out_reg_reg[3]_i_1_n_0   |                                                                                                                                                         |                                                                                                                                                |                2 |              4 |
|  uut/processing_system7_0/inst/FCLK_CLK0                             | uut/ps7_0_axi_periph/s00_couplers/auto_pc/inst/gen_axilite.gen_b2s_conv.axilite_b2s/WR.aw_channel_0/aw_cmd_fsm_0/E[0]                                   |                                                                                                                                                |                2 |              4 |
|  uut/processing_system7_0/inst/FCLK_CLK0                             | uut/ps7_0_axi_periph/s00_couplers/auto_pc/inst/gen_axilite.gen_b2s_conv.axilite_b2s/WR.aw_channel_0/cmd_translator_0/incr_cmd_0/axaddr_incr[11]_i_1_n_0 |                                                                                                                                                |                2 |              4 |
|  uut/processing_system7_0/inst/FCLK_CLK0                             | uut/ps7_0_axi_periph/s00_couplers/auto_pc/inst/gen_axilite.gen_b2s_conv.axilite_b2s/RD.ar_channel_0/ar_cmd_fsm_0/E[0]                                   |                                                                                                                                                |                2 |              4 |
|  uut/processing_system7_0/inst/FCLK_CLK0                             | uut/ps7_0_axi_periph/s00_couplers/auto_pc/inst/gen_axilite.gen_b2s_conv.axilite_b2s/RD.ar_channel_0/ar_cmd_fsm_0/sel_first_reg[0]                       |                                                                                                                                                |                1 |              4 |
|  uut/processing_system7_0/inst/FCLK_CLK0                             |                                                                                                                                                         | uut/ps7_0_axi_periph/s00_couplers/auto_pc/inst/gen_axilite.gen_b2s_conv.axilite_b2s/SI_REG/ar.ar_pipe/aresetn_d_reg[1]_inv_0                   |                2 |              4 |
|  uut/processing_system7_0/inst/FCLK_CLK0                             |                                                                                                                                                         | uut/ps7_0_axi_periph/s00_couplers/auto_pc/inst/gen_axilite.gen_b2s_conv.axilite_b2s/SI_REG/aw.aw_pipe/aresetn_d_reg[0]_0                       |                2 |              4 |
|  uut/processing_system7_0/inst/FCLK_CLK0                             |                                                                                                                                                         | uut/rst_ps7_0_50M/U0/EXT_LPF/lpf_int                                                                                                           |                2 |              4 |
|  uut/processing_system7_0/inst/FCLK_CLK0                             | uut/ps7_0_axi_periph/s00_couplers/auto_pc/inst/gen_axilite.gen_b2s_conv.axilite_b2s/RD.ar_channel_0/ar_cmd_fsm_0/m_valid_i_reg                          | uut/ps7_0_axi_periph/s00_couplers/auto_pc/inst/gen_axilite.gen_b2s_conv.axilite_b2s/RD.ar_channel_0/ar_cmd_fsm_0/FSM_sequential_state_reg[0]_0 |                2 |              5 |
|  uut/processing_system7_0/inst/FCLK_CLK0                             | uut/ps7_0_axi_periph/s00_couplers/auto_pc/inst/gen_axilite.gen_b2s_conv.axilite_b2s/RD.r_channel_0/rd_data_fifo_0/cnt_read[4]_i_1_n_0                   | uut/ps7_0_axi_periph/s00_couplers/auto_pc/inst/gen_axilite.gen_b2s_conv.axilite_b2s/areset_d1                                                  |                2 |              5 |
|  uut/processing_system7_0/inst/FCLK_CLK0                             | uut/ps7_0_axi_periph/s00_couplers/auto_pc/inst/gen_axilite.gen_b2s_conv.axilite_b2s/RD.r_channel_0/rd_data_fifo_0/E[0]                                  | uut/ps7_0_axi_periph/s00_couplers/auto_pc/inst/gen_axilite.gen_b2s_conv.axilite_b2s/areset_d1                                                  |                2 |              5 |
|  uut/processing_system7_0/inst/FCLK_CLK0                             | uut/rst_ps7_0_50M/U0/SEQ/seq_cnt_en                                                                                                                     | uut/rst_ps7_0_50M/U0/SEQ/SEQ_COUNTER/clear                                                                                                     |                2 |              6 |
|  uut/processing_system7_0/inst/FCLK_CLK0                             | uut/myip_0/inst/myip_v1_0_S00_AXI_inst/p_1_in[12]                                                                                                       | uut/myip_0/inst/myip_v1_0_S00_AXI_inst/axi_awready_i_1_n_0                                                                                     |                2 |              8 |
|  uut/processing_system7_0/inst/FCLK_CLK0                             | uut/myip_0/inst/myip_v1_0_S00_AXI_inst/p_1_in[31]                                                                                                       | uut/myip_0/inst/myip_v1_0_S00_AXI_inst/axi_awready_i_1_n_0                                                                                     |                2 |              8 |
|  uut/processing_system7_0/inst/FCLK_CLK0                             | uut/myip_0/inst/myip_v1_0_S00_AXI_inst/slv_reg2[23]_i_1_n_0                                                                                             | uut/myip_0/inst/myip_v1_0_S00_AXI_inst/axi_awready_i_1_n_0                                                                                     |                1 |              8 |
|  uut/processing_system7_0/inst/FCLK_CLK0                             | uut/myip_0/inst/myip_v1_0_S00_AXI_inst/slv_reg0[15]_i_1_n_0                                                                                             | uut/myip_0/inst/myip_v1_0_S00_AXI_inst/axi_awready_i_1_n_0                                                                                     |                1 |              8 |
|  uut/processing_system7_0/inst/FCLK_CLK0                             | uut/myip_0/inst/myip_v1_0_S00_AXI_inst/p_1_in[3]                                                                                                        | uut/myip_0/inst/myip_v1_0_S00_AXI_inst/axi_awready_i_1_n_0                                                                                     |                1 |              8 |
|  uut/processing_system7_0/inst/FCLK_CLK0                             | uut/myip_0/inst/myip_v1_0_S00_AXI_inst/slv_reg0[7]_i_1_n_0                                                                                              | uut/myip_0/inst/myip_v1_0_S00_AXI_inst/axi_awready_i_1_n_0                                                                                     |                2 |              8 |
|  uut/processing_system7_0/inst/FCLK_CLK0                             | uut/myip_0/inst/myip_v1_0_S00_AXI_inst/slv_reg2[15]_i_1_n_0                                                                                             | uut/myip_0/inst/myip_v1_0_S00_AXI_inst/axi_awready_i_1_n_0                                                                                     |                2 |              8 |
|  uut/processing_system7_0/inst/FCLK_CLK0                             | uut/myip_0/inst/myip_v1_0_S00_AXI_inst/slv_reg0[31]_i_1_n_0                                                                                             | uut/myip_0/inst/myip_v1_0_S00_AXI_inst/axi_awready_i_1_n_0                                                                                     |                2 |              8 |
|  uut/processing_system7_0/inst/FCLK_CLK0                             | uut/myip_0/inst/myip_v1_0_S00_AXI_inst/p_1_in[23]                                                                                                       | uut/myip_0/inst/myip_v1_0_S00_AXI_inst/axi_awready_i_1_n_0                                                                                     |                2 |              8 |
|  uut/processing_system7_0/inst/FCLK_CLK0                             | uut/myip_0/inst/myip_v1_0_S00_AXI_inst/slv_reg0[23]_i_1_n_0                                                                                             | uut/myip_0/inst/myip_v1_0_S00_AXI_inst/axi_awready_i_1_n_0                                                                                     |                1 |              8 |
|  uut/processing_system7_0/inst/FCLK_CLK0                             | uut/ps7_0_axi_periph/s00_couplers/auto_pc/inst/gen_axilite.gen_b2s_conv.axilite_b2s/WR.b_channel_0/mhandshake_r                                         | uut/ps7_0_axi_periph/s00_couplers/auto_pc/inst/gen_axilite.gen_b2s_conv.axilite_b2s/WR.b_channel_0/bid_fifo_0/SR[0]                            |                4 |              8 |
|  uut/processing_system7_0/inst/FCLK_CLK0                             | uut/myip_0/inst/myip_v1_0_S00_AXI_inst/slv_reg2[31]_i_1_n_0                                                                                             | uut/myip_0/inst/myip_v1_0_S00_AXI_inst/axi_awready_i_1_n_0                                                                                     |                2 |              8 |
|  uut/processing_system7_0/inst/FCLK_CLK0                             | uut/myip_0/inst/myip_v1_0_S00_AXI_inst/slv_reg2[7]_i_1_n_0                                                                                              | uut/myip_0/inst/myip_v1_0_S00_AXI_inst/axi_awready_i_1_n_0                                                                                     |                2 |              8 |
|  uut/processing_system7_0/inst/FCLK_CLK0                             |                                                                                                                                                         | uut/myip_0/inst/myip_v1_0_S00_AXI_inst/axi_awready_i_1_n_0                                                                                     |                5 |             10 |
|  uut/processing_system7_0/inst/FCLK_CLK0                             |                                                                                                                                                         | uut/ps7_0_axi_periph/s00_couplers/auto_pc/inst/gen_axilite.gen_b2s_conv.axilite_b2s/areset_d1                                                  |                5 |             10 |
|  uut/myip_0/inst/myip_v1_0_S00_AXI_inst/pwmv2_reg_reg[12]_i_1_n_0    |                                                                                                                                                         |                                                                                                                                                |                6 |             13 |
|  uut/myip_0/inst/myip_v1_0_S00_AXI_inst/pwmv1_reg_reg[12]_i_1_n_0    |                                                                                                                                                         |                                                                                                                                                |                5 |             13 |
|  uut/processing_system7_0/inst/FCLK_CLK0                             | uut/ps7_0_axi_periph/s00_couplers/auto_pc/inst/gen_axilite.gen_b2s_conv.axilite_b2s/RD.r_channel_0/r_push_r                                             |                                                                                                                                                |                4 |             13 |
|  uut/processing_system7_0/inst/FCLK_CLK0                             | uut/ps7_0_axi_periph/s00_couplers/auto_pc/inst/gen_axilite.gen_b2s_conv.axilite_b2s/RD.ar_channel_0/ar_cmd_fsm_0/m_valid_i_reg                          |                                                                                                                                                |                5 |             13 |
|  uut/processing_system7_0/inst/FCLK_CLK0                             | uut/ps7_0_axi_periph/s00_couplers/auto_pc/inst/gen_axilite.gen_b2s_conv.axilite_b2s/SI_REG/b.b_pipe/p_1_in                                              |                                                                                                                                                |                2 |             14 |
|  uut/processing_system7_0/inst/FCLK_CLK0                             | uut/ps7_0_axi_periph/s00_couplers/auto_pc/inst/gen_axilite.gen_b2s_conv.axilite_b2s/SI_REG/b.b_pipe/s_ready_i_reg_0                                     |                                                                                                                                                |                2 |             14 |
|  uut/processing_system7_0/inst/FCLK_CLK0                             | uut/ps7_0_axi_periph/s00_couplers/auto_pc/inst/gen_axilite.gen_b2s_conv.axilite_b2s/WR.aw_channel_0/aw_cmd_fsm_0/b_push                                 |                                                                                                                                                |                3 |             16 |
|  uut/processing_system7_0/inst/FCLK_CLK0                             | uut/ps7_0_axi_periph/s00_couplers/auto_pc/inst/gen_axilite.gen_b2s_conv.axilite_b2s/WR.aw_channel_0/aw_cmd_fsm_0/axi_awready_reg_0                      |                                                                                                                                                |                7 |             17 |
|  uut/processing_system7_0/inst/FCLK_CLK0                             | uut/ps7_0_axi_periph/s00_couplers/auto_pc/inst/gen_axilite.gen_b2s_conv.axilite_b2s/SI_REG/aw.aw_pipe/s_ready_i_reg_0                                   |                                                                                                                                                |                4 |             27 |
|  uut/processing_system7_0/inst/FCLK_CLK0                             | uut/ps7_0_axi_periph/s00_couplers/auto_pc/inst/gen_axilite.gen_b2s_conv.axilite_b2s/WR.aw_channel_0/aw_cmd_fsm_0/m_valid_i_reg[0]                       |                                                                                                                                                |                6 |             27 |
|  uut/processing_system7_0/inst/FCLK_CLK0                             | uut/ps7_0_axi_periph/s00_couplers/auto_pc/inst/gen_axilite.gen_b2s_conv.axilite_b2s/RD.ar_channel_0/ar_cmd_fsm_0/FSM_sequential_state_reg[1]_0[0]       |                                                                                                                                                |                9 |             27 |
|  uut/processing_system7_0/inst/FCLK_CLK0                             | uut/ps7_0_axi_periph/s00_couplers/auto_pc/inst/gen_axilite.gen_b2s_conv.axilite_b2s/SI_REG/ar.ar_pipe/s_ready_i_reg_0                                   |                                                                                                                                                |                5 |             27 |
|  uut/processing_system7_0/inst/FCLK_CLK0                             | uut/ps7_0_axi_periph/s00_couplers/auto_pc/inst/gen_axilite.gen_b2s_conv.axilite_b2s/RD.r_channel_0/rd_data_fifo_0/wr_en0                                |                                                                                                                                                |                8 |             32 |
|  uut/processing_system7_0/inst/FCLK_CLK0                             | uut/myip_0/inst/myip_v1_0_S00_AXI_inst/slv_reg_rden__0                                                                                                  | uut/myip_0/inst/myip_v1_0_S00_AXI_inst/axi_awready_i_1_n_0                                                                                     |                4 |             32 |
|  uut/myip_0/inst/myip_v1_0_S00_AXI_inst/reg_data_out_reg[31]_i_2_n_0 |                                                                                                                                                         |                                                                                                                                                |               10 |             32 |
|  uut/processing_system7_0/inst/FCLK_CLK0                             | uut/ps7_0_axi_periph/s00_couplers/auto_pc/inst/gen_axilite.gen_b2s_conv.axilite_b2s/SI_REG/r.r_pipe/s_ready_i_reg_0                                     |                                                                                                                                                |                8 |             45 |
|  uut/processing_system7_0/inst/FCLK_CLK0                             | uut/ps7_0_axi_periph/s00_couplers/auto_pc/inst/gen_axilite.gen_b2s_conv.axilite_b2s/SI_REG/r.r_pipe/p_1_in                                              |                                                                                                                                                |                7 |             45 |
|  uut/processing_system7_0/inst/FCLK_CLK0                             |                                                                                                                                                         |                                                                                                                                                |               32 |            123 |
+----------------------------------------------------------------------+---------------------------------------------------------------------------------------------------------------------------------------------------------+------------------------------------------------------------------------------------------------------------------------------------------------+------------------+----------------+


