#-----------------------------------------------------------
# Vivado v2018.3 (64-bit)
# SW Build 2405991 on Thu Dec  6 23:36:41 MST 2018
# IP Build 2404404 on Fri Dec  7 01:43:56 MST 2018
# Start of session at: Fri Oct 25 07:43:32 2019
# Process ID: 4333
# Current directory: /home/users/manabe/2019/auto_drive/lsd/hdl/project2/project_1
# Command line: vivado project_1.xpr
# Log file: /home/users/manabe/2019/auto_drive/lsd/hdl/project2/project_1/vivado.log
# Journal file: /home/users/manabe/2019/auto_drive/lsd/hdl/project2/project_1/vivado.jou
#-----------------------------------------------------------
start_gui
open_project project_1.xpr
Scanning sources...
Finished scanning sources
INFO: [IP_Flow 19-234] Refreshing IP repositories
INFO: [IP_Flow 19-1700] Loaded user IP repository '/home/users/katayama/study/hdmi/for_manabe/vivado-library-master'.
INFO: [IP_Flow 19-2313] Loaded Vivado IP repository '/home/cad/xilinx-vivado-2018.3/Vivado/2018.3/data/ip'.
open_project: Time (s): cpu = 00:00:23 ; elapsed = 00:00:13 . Memory (MB): peak = 6770.340 ; gain = 196.395 ; free physical = 119100 ; free virtual = 130807
update_compile_order -fileset sources_1
reset_run synth_1
launch_runs impl_1 -jobs 24
[Fri Oct 25 07:44:34 2019] Launched synth_1...
Run output will be captured here: /home/users/manabe/2019/auto_drive/lsd/hdl/project2/project_1/project_1.runs/synth_1/runme.log
[Fri Oct 25 07:44:34 2019] Launched impl_1...
Run output will be captured here: /home/users/manabe/2019/auto_drive/lsd/hdl/project2/project_1/project_1.runs/impl_1/runme.log
add_files -norecurse /home/users/manabe/2019/auto_drive/lsd/hdl/project2/top.v
update_compile_order -fileset sources_1
update_compile_order -fileset sources_1
reset_run synth_1
launch_runs impl_1 -jobs 16
INFO: [Vivado 12-4149] The synthesis checkpoint for IP '/home/users/manabe/2019/auto_drive/lsd/hdl/project2/project_1/project_1.srcs/sources_1/ip/rgb2dvi_0/rgb2dvi_0.xci' is already up-to-date
[Fri Oct 25 07:59:14 2019] Launched synth_1...
Run output will be captured here: /home/users/manabe/2019/auto_drive/lsd/hdl/project2/project_1/project_1.runs/synth_1/runme.log
[Fri Oct 25 07:59:14 2019] Launched impl_1...
Run output will be captured here: /home/users/manabe/2019/auto_drive/lsd/hdl/project2/project_1/project_1.runs/impl_1/runme.log
open_run impl_1
INFO: [Netlist 29-17] Analyzing 458 Unisim elements for replacement
INFO: [Netlist 29-28] Unisim Transformation completed in 0 CPU seconds
INFO: [Project 1-479] Netlist was created with Vivado 2018.3
INFO: [Device 21-403] Loading part xc7z020clg400-1
INFO: [Project 1-570] Preparing netlist for logic optimization
INFO: [Timing 38-478] Restoring timing data from binary archive.
INFO: [Timing 38-479] Binary timing data restore complete.
INFO: [Project 1-856] Restoring constraints from binary archive.
INFO: [Project 1-853] Binary constraint restore complete.
Reading XDEF placement.
Reading placer database...
Reading XDEF routing.
Read XDEF File: Time (s): cpu = 00:00:00.40 ; elapsed = 00:00:00.40 . Memory (MB): peak = 7696.062 ; gain = 8.000 ; free physical = 118353 ; free virtual = 130088
Restored from archive | CPU: 0.400000 secs | Memory: 8.266556 MB |
Finished XDEF File Restore: Time (s): cpu = 00:00:00.40 ; elapsed = 00:00:00.40 . Memory (MB): peak = 7696.062 ; gain = 8.000 ; free physical = 118353 ; free virtual = 130088
Netlist sorting complete. Time (s): cpu = 00:00:00.01 ; elapsed = 00:00:00 . Memory (MB): peak = 7696.062 ; gain = 0.000 ; free physical = 118354 ; free virtual = 130089
INFO: [Project 1-111] Unisim Transformation Summary:
  A total of 2 instances were transformed.
  RAM16X1D => RAM32X1D (RAMD32, RAMD32): 2 instances

open_run: Time (s): cpu = 00:00:26 ; elapsed = 00:00:16 . Memory (MB): peak = 7941.090 ; gain = 900.371 ; free physical = 118204 ; free virtual = 129939
report_utilization -name utilization_1
exit
INFO: [Common 17-206] Exiting Vivado at Fri Oct 25 08:13:39 2019...
